#
# A fatal error has been detected by the Java Runtime Environment:
#
#  Internal Error (classFileParser.cpp:3375), pid=9561, tid=3063847824
#  Error: ShouldNotReachHere()
#
# JRE version: 6.0_24-b07
# Java VM: Java HotSpot(TM) Server VM (19.1-b02 mixed mode linux-x86 )
# If you would like to submit a bug report, please visit:
#   http://java.sun.com/webapps/bugreport/crash.jsp
#

---------------  T H R E A D  ---------------

Current thread (0x09f1ac00):  JavaThread "Unknown thread" [_thread_in_vm, id=9566, stack(0xb6999000,0xb69ea000)]

Stack: [0xb6999000,0xb69ea000],  sp=0xb69e87f0,  free space=317k
Native frames: (J=compiled Java code, j=interpreted, Vv=VM code, C=native code)
V  [libjvm.so+0x708370]
V  [libjvm.so+0x2e8b5f]
V  [libjvm.so+0x28167a]
V  [libjvm.so+0x287711]
V  [libjvm.so+0x699342]
V  [libjvm.so+0x6973de]
V  [libjvm.so+0x6961a6]
V  [libjvm.so+0x695e10]
V  [libjvm.so+0x69ac2a]
V  [libjvm.so+0x69acbc]
V  [libjvm.so+0x69ad80]
V  [libjvm.so+0x69ab69]
V  [libjvm.so+0x6e0aba]
V  [libjvm.so+0x6e217f]
V  [libjvm.so+0x3a94f8]
V  [libjvm.so+0x6c9c8d]
V  [libjvm.so+0x4025f6]
C  [java+0x305c]
C  [java+0x1942]  JavaMain+0x72


---------------  P R O C E S S  ---------------

Java Threads: ( => current thread )

Other Threads:

=>0x09f1ac00 (exited) JavaThread "Unknown thread" [_thread_in_vm, id=9566, stack(0xb6999000,0xb69ea000)]

VM state:not at safepoint (not fully initialized)

VM Mutex/Monitor currently owned by a thread: None

Dynamic libraries:
08048000-08052000 r-xp 00000000 08:05 9442075    /opt/sun-jdk/jre/bin/java
08052000-08053000 rwxp 00009000 08:05 9442075    /opt/sun-jdk/jre/bin/java
09f15000-09f7a000 rwxp 00000000 00:00 0          [heap]
7fe30000-7fe95000 r-xs 004cb000 08:05 9962130    /home/ahmetcan/İndirilenler/android-sdk-linux_x86/platforms/android-8/android.jar
7fe95000-7fe96000 ---p 00000000 00:00 0 
7fe96000-7ff16000 rwxp 00000000 00:00 0 
7ff16000-7ff17000 ---p 00000000 00:00 0 
7ff17000-7ff9f000 rwxp 00000000 00:00 0 
7ff9f000-7ffb7000 rwxp 00000000 00:00 0 
7ffb7000-7ffc7000 rwxp 00000000 00:00 0 
7ffc7000-800b4000 rwxp 00000000 00:00 0 
800b4000-800bc000 rwxp 00000000 00:00 0 
800bc000-800d4000 rwxp 00000000 00:00 0 
800d4000-800e4000 rwxp 00000000 00:00 0 
800e4000-801d0000 rwxp 00000000 00:00 0 
801d0000-801d9000 rwxp 00000000 00:00 0 
801d9000-8024f000 rwxp 00000000 00:00 0 
8024f000-81250000 rwxp 00000000 00:00 0 
81250000-84250000 rwxp 00000000 00:00 0 
84250000-861e0000 rwxp 00000000 00:00 0 
861e0000-a3bb0000 rwxp 00000000 00:00 0 
a3bb0000-a4b70000 rwxp 00000000 00:00 0 
a4b70000-b3850000 rwxp 00000000 00:00 0 
b3859000-b3862000 rwxp 00000000 00:00 0 
b3862000-b3919000 rwxp 00000000 00:00 0 
b3919000-b3b59000 rwxp 00000000 00:00 0 
b3b59000-b6919000 rwxp 00000000 00:00 0 
b6919000-b6923000 r-xp 00000000 08:05 1576646    /lib/libnss_files-2.9.so
b6923000-b6924000 r-xp 00009000 08:05 1576646    /lib/libnss_files-2.9.so
b6924000-b6925000 rwxp 0000a000 08:05 1576646    /lib/libnss_files-2.9.so
b6925000-b692e000 r-xp 00000000 08:05 1576647    /lib/libnss_nis-2.9.so
b692e000-b692f000 r-xp 00008000 08:05 1576647    /lib/libnss_nis-2.9.so
b692f000-b6930000 rwxp 00009000 08:05 1576647    /lib/libnss_nis-2.9.so
b6930000-b6937000 r-xp 00000000 08:05 1576644    /lib/libnss_compat-2.9.so
b6937000-b6938000 r-xp 00006000 08:05 1576644    /lib/libnss_compat-2.9.so
b6938000-b6939000 rwxp 00007000 08:05 1576644    /lib/libnss_compat-2.9.so
b694b000-b695a000 r-xp 00000000 08:05 9442091    /opt/sun-jdk/jre/lib/i386/libzip.so
b695a000-b695c000 rwxp 0000e000 08:05 9442091    /opt/sun-jdk/jre/lib/i386/libzip.so
b695c000-b6964000 rwxs 00000000 08:05 6948146    /tmp/hsperfdata_ahmetcan/9561
b6964000-b696a000 r-xp 00000000 08:05 9440896    /opt/sun-jdk/jre/lib/i386/native_threads/libhpi.so
b696a000-b696b000 rwxp 00006000 08:05 9440896    /opt/sun-jdk/jre/lib/i386/native_threads/libhpi.so
b696b000-b698e000 r-xp 00000000 08:05 9442085    /opt/sun-jdk/jre/lib/i386/libjava.so
b698e000-b6990000 rwxp 00023000 08:05 9442085    /opt/sun-jdk/jre/lib/i386/libjava.so
b6990000-b6997000 r-xp 00000000 08:05 1576650    /lib/librt-2.9.so
b6997000-b6998000 r-xp 00006000 08:05 1576650    /lib/librt-2.9.so
b6998000-b6999000 rwxp 00007000 08:05 1576650    /lib/librt-2.9.so
b6999000-b699c000 ---p 00000000 00:00 0 
b699c000-b69ea000 rwxp 00000000 00:00 0 
b69ea000-b6a0f000 r-xp 00000000 08:05 1576642    /lib/libm-2.9.so
b6a0f000-b6a10000 r-xp 00024000 08:05 1576642    /lib/libm-2.9.so
b6a10000-b6a11000 rwxp 00025000 08:05 1576642    /lib/libm-2.9.so
b6a11000-b719e000 r-xp 00000000 08:05 9442093    /opt/sun-jdk/jre/lib/i386/server/libjvm.so
b719e000-b71f1000 rwxp 0078d000 08:05 9442093    /opt/sun-jdk/jre/lib/i386/server/libjvm.so
b71f1000-b7610000 rwxp 00000000 00:00 0 
b7610000-b7770000 r-xp 00000000 08:05 1576639    /lib/libc-2.9.so
b7770000-b7772000 r-xp 0015f000 08:05 1576639    /lib/libc-2.9.so
b7772000-b7773000 rwxp 00161000 08:05 1576639    /lib/libc-2.9.so
b7773000-b7776000 rwxp 00000000 00:00 0 
b7776000-b7778000 r-xp 00000000 08:05 1576641    /lib/libdl-2.9.so
b7778000-b7779000 r-xp 00001000 08:05 1576641    /lib/libdl-2.9.so
b7779000-b777a000 rwxp 00002000 08:05 1576641    /lib/libdl-2.9.so
b777a000-b777b000 rwxp 00000000 00:00 0 
b777b000-b7782000 r-xp 00000000 08:05 9440851    /opt/sun-jdk/jre/lib/i386/jli/libjli.so
b7782000-b7784000 rwxp 00006000 08:05 9440851    /opt/sun-jdk/jre/lib/i386/jli/libjli.so
b7784000-b7799000 r-xp 00000000 08:05 1576648    /lib/libpthread-2.9.so
b7799000-b779a000 r-xp 00014000 08:05 1576648    /lib/libpthread-2.9.so
b779a000-b779b000 rwxp 00015000 08:05 1576648    /lib/libpthread-2.9.so
b779b000-b779d000 rwxp 00000000 00:00 0 
b77a1000-b77a2000 rwxp 00000000 00:00 0 
b77a2000-b77a3000 r-xp 00000000 00:00 0 
b77a3000-b77b8000 r-xp 00000000 08:05 1576643    /lib/libnsl-2.9.so
b77b8000-b77b9000 r-xp 00014000 08:05 1576643    /lib/libnsl-2.9.so
b77b9000-b77ba000 rwxp 00015000 08:05 1576643    /lib/libnsl-2.9.so
b77ba000-b77bc000 rwxp 00000000 00:00 0 
b77bc000-b77c7000 r-xp 00000000 08:05 9442090    /opt/sun-jdk/jre/lib/i386/libverify.so
b77c7000-b77c8000 rwxp 0000b000 08:05 9442090    /opt/sun-jdk/jre/lib/i386/libverify.so
b77c8000-b77c9000 rwxp 00000000 00:00 0 
b77c9000-b77e8000 r-xp 00000000 08:05 1576622    /lib/ld-2.9.so
b77e8000-b77e9000 r-xp 0001e000 08:05 1576622    /lib/ld-2.9.so
b77e9000-b77ea000 rwxp 0001f000 08:05 1576622    /lib/ld-2.9.so
bfb44000-bfb59000 rwxp 00000000 00:00 0          [stack]
ffffe000-fffff000 r-xp 00000000 00:00 0          [vdso]

VM Arguments:
jvm_args: -Dfile.encoding=UTF-8 -Xbootclasspath:/home/ahmetcan/İndirilenler/android-sdk-linux_x86/platforms/android-8/android.jar 
java_command: com.example.evci.KayitOl
Launcher Type: SUN_STANDARD

Environment Variables:
JAVA_HOME=/opt/sun-jre
PATH=/usr/qt/4/bin:/usr/local/bin:/usr/local/sbin:/usr/bin:/usr/sbin:/bin:/sbin:/opt/bin:/opt/sun-jre/bin:/usr/kde/4/bin
LD_LIBRARY_PATH=/opt/sun-jdk/jre/lib/i386/server:/opt/sun-jdk/jre/lib/i386:/opt/sun-jdk/jre/../lib/i386:/opt/sun-jdk/jre/lib/i386/client:/opt/sun-jdk/jre/lib/i386:
SHELL=/bin/bash
DISPLAY=:0.0

Signal Handlers:
SIGSEGV: [libjvm.so+0x708f80], sa_mask[0]=0x7ffbfeff, sa_flags=0x10000004
SIGBUS: [libjvm.so+0x708f80], sa_mask[0]=0x7ffbfeff, sa_flags=0x10000004
SIGFPE: [libjvm.so+0x5c4100], sa_mask[0]=0x7ffbfeff, sa_flags=0x10000004
SIGPIPE: [libjvm.so+0x5c4100], sa_mask[0]=0x7ffbfeff, sa_flags=0x10000004
SIGXFSZ: [libjvm.so+0x5c4100], sa_mask[0]=0x7ffbfeff, sa_flags=0x10000004
SIGILL: [libjvm.so+0x5c4100], sa_mask[0]=0x7ffbfeff, sa_flags=0x10000004
SIGUSR1: SIG_DFL, sa_mask[0]=0x00000000, sa_flags=0x00000000
SIGUSR2: [libjvm.so+0x5c70e0], sa_mask[0]=0x00000004, sa_flags=0x10000004
SIGHUP: SIG_DFL, sa_mask[0]=0x00000000, sa_flags=0x00000000
SIGINT: SIG_DFL, sa_mask[0]=0x00000000, sa_flags=0x00000000
SIGTERM: SIG_DFL, sa_mask[0]=0x00000000, sa_flags=0x00000000
SIGQUIT: SIG_DFL, sa_mask[0]=0x00000000, sa_flags=0x00000000


---------------  S Y S T E M  ---------------

OS:Linux
uname:Linux 2.6.31.14-132 #1 SMP Thu Dec 16 15:55:32 EET 2010 i686
libc:glibc 2.9 NPTL 2.9 
rlimit: STACK 8192k, CORE 0k, NPROC 24155, NOFILE 1024, AS infinity
load average:0.65 0.42 0.36

/proc/meminfo:
MemTotal:        3097532 kB
MemFree:         1233656 kB
Buffers:           88296 kB
Cached:           704052 kB
SwapCached:            0 kB
Active:          1212840 kB
Inactive:         553284 kB
Active(anon):     976932 kB
Inactive(anon):       40 kB
Active(file):     235908 kB
Inactive(file):   553244 kB
Unevictable:           0 kB
Mlocked:               0 kB
HighTotal:       2240008 kB
HighFree:         543368 kB
LowTotal:         857524 kB
LowFree:          690288 kB
SwapTotal:        307192 kB
SwapFree:         307192 kB
Dirty:               200 kB
Writeback:             0 kB
AnonPages:        973808 kB
Mapped:           152552 kB
Slab:              58964 kB
SReclaimable:      44200 kB
SUnreclaim:        14764 kB
PageTables:         5576 kB
NFS_Unstable:          0 kB
Bounce:                0 kB
WritebackTmp:          0 kB
CommitLimit:     1855956 kB
Committed_AS:    2218640 kB
VmallocTotal:     122880 kB
VmallocUsed:       49312 kB
VmallocChunk:      44532 kB
HugePages_Total:       0
HugePages_Free:        0
HugePages_Rsvd:        0
HugePages_Surp:        0
Hugepagesize:       4096 kB
DirectMap4k:       40952 kB
DirectMap4M:      864256 kB


CPU:total 2 (2 cores per cpu, 1 threads per core) family 6 model 23 stepping 10, cmov, cx8, fxsr, mmx, sse, sse2, sse3, ssse3, sse4.1

Memory: 4k page, physical 3097532k(1233656k free), swap 307192k(307192k free)

vm_info: Java HotSpot(TM) Server VM (19.1-b02) for linux-x86 JRE (1.6.0_24-b07), built on Feb  2 2011 16:51:52 by "java_re" with gcc 3.2.1-7a (J2SE release)

time: Tue Mar 22 21:04:59 2011
elapsed time: 0 seconds

