#
# A fatal error has been detected by the Java Runtime Environment:
#
#  Internal Error (classFileParser.cpp:3375), pid=2053, tid=3063004048
#  Error: ShouldNotReachHere()
#
# JRE version: 6.0_24-b07
# Java VM: Java HotSpot(TM) Server VM (19.1-b02 mixed mode linux-x86 )
# If you would like to submit a bug report, please visit:
#   http://java.sun.com/webapps/bugreport/crash.jsp
#

---------------  T H R E A D  ---------------

Current thread (0x08b45c00):  JavaThread "Unknown thread" [_thread_in_vm, id=2054, stack(0xb68cb000,0xb691c000)]

Stack: [0xb68cb000,0xb691c000],  sp=0xb691a7f0,  free space=317k
Native frames: (J=compiled Java code, j=interpreted, Vv=VM code, C=native code)
V  [libjvm.so+0x708370]
V  [libjvm.so+0x2e8b5f]
V  [libjvm.so+0x28167a]
V  [libjvm.so+0x287711]
V  [libjvm.so+0x699342]
V  [libjvm.so+0x6973de]
V  [libjvm.so+0x6961a6]
V  [libjvm.so+0x695e10]
V  [libjvm.so+0x69ac2a]
V  [libjvm.so+0x69acbc]
V  [libjvm.so+0x69ad80]
V  [libjvm.so+0x69ab69]
V  [libjvm.so+0x6e0aba]
V  [libjvm.so+0x6e217f]
V  [libjvm.so+0x3a94f8]
V  [libjvm.so+0x6c9c8d]
V  [libjvm.so+0x4025f6]
C  [java+0x305c]
C  [java+0x1942]  JavaMain+0x72


---------------  P R O C E S S  ---------------

Java Threads: ( => current thread )

Other Threads:

=>0x08b45c00 (exited) JavaThread "Unknown thread" [_thread_in_vm, id=2054, stack(0xb68cb000,0xb691c000)]

VM state:not at safepoint (not fully initialized)

VM Mutex/Monitor currently owned by a thread: None

Dynamic libraries:
08048000-08052000 r-xp 00000000 08:05 9442075    /opt/sun-jdk/jre/bin/java
08052000-08053000 rwxp 00009000 08:05 9442075    /opt/sun-jdk/jre/bin/java
08b40000-08b61000 rwxp 00000000 00:00 0          [heap]
7fc00000-7fc4d000 rwxp 00000000 00:00 0 
7fc4d000-7fd00000 ---p 00000000 00:00 0 
7fd60000-7fdc5000 r-xs 004cb000 08:05 9962130    /home/ahmetcan/İndirilenler/android-sdk-linux_x86/platforms/android-8/android.jar
7fdc5000-7fdc6000 ---p 00000000 00:00 0 
7fdc6000-7fe46000 rwxp 00000000 00:00 0 
7fe46000-7fe47000 ---p 00000000 00:00 0 
7fe47000-7fecf000 rwxp 00000000 00:00 0 
7fecf000-7fee7000 rwxp 00000000 00:00 0 
7fee7000-7fef7000 rwxp 00000000 00:00 0 
7fef7000-7ffe4000 rwxp 00000000 00:00 0 
7ffe4000-7ffec000 rwxp 00000000 00:00 0 
7ffec000-80004000 rwxp 00000000 00:00 0 
80004000-80014000 rwxp 00000000 00:00 0 
80014000-80100000 rwxp 00000000 00:00 0 
80100000-80109000 rwxp 00000000 00:00 0 
80109000-8017f000 rwxp 00000000 00:00 0 
8017f000-81180000 rwxp 00000000 00:00 0 
81180000-84180000 rwxp 00000000 00:00 0 
84180000-86110000 rwxp 00000000 00:00 0 
86110000-a3ae0000 rwxp 00000000 00:00 0 
a3ae0000-a4aa0000 rwxp 00000000 00:00 0 
a4aa0000-b3780000 rwxp 00000000 00:00 0 
b378b000-b3794000 rwxp 00000000 00:00 0 
b3794000-b384b000 rwxp 00000000 00:00 0 
b384b000-b3a8b000 rwxp 00000000 00:00 0 
b3a8b000-b684b000 rwxp 00000000 00:00 0 
b684b000-b6855000 r-xp 00000000 08:05 1576646    /lib/libnss_files-2.9.so
b6855000-b6856000 r-xp 00009000 08:05 1576646    /lib/libnss_files-2.9.so
b6856000-b6857000 rwxp 0000a000 08:05 1576646    /lib/libnss_files-2.9.so
b6857000-b6860000 r-xp 00000000 08:05 1576647    /lib/libnss_nis-2.9.so
b6860000-b6861000 r-xp 00008000 08:05 1576647    /lib/libnss_nis-2.9.so
b6861000-b6862000 rwxp 00009000 08:05 1576647    /lib/libnss_nis-2.9.so
b6862000-b6869000 r-xp 00000000 08:05 1576644    /lib/libnss_compat-2.9.so
b6869000-b686a000 r-xp 00006000 08:05 1576644    /lib/libnss_compat-2.9.so
b686a000-b686b000 rwxp 00007000 08:05 1576644    /lib/libnss_compat-2.9.so
b687d000-b688c000 r-xp 00000000 08:05 9442091    /opt/sun-jdk/jre/lib/i386/libzip.so
b688c000-b688e000 rwxp 0000e000 08:05 9442091    /opt/sun-jdk/jre/lib/i386/libzip.so
b688e000-b6896000 rwxs 00000000 08:05 6948153    /tmp/hsperfdata_ahmetcan/2053
b6896000-b689c000 r-xp 00000000 08:05 9440896    /opt/sun-jdk/jre/lib/i386/native_threads/libhpi.so
b689c000-b689d000 rwxp 00006000 08:05 9440896    /opt/sun-jdk/jre/lib/i386/native_threads/libhpi.so
b689d000-b68c0000 r-xp 00000000 08:05 9442085    /opt/sun-jdk/jre/lib/i386/libjava.so
b68c0000-b68c2000 rwxp 00023000 08:05 9442085    /opt/sun-jdk/jre/lib/i386/libjava.so
b68c2000-b68c9000 r-xp 00000000 08:05 1576650    /lib/librt-2.9.so
b68c9000-b68ca000 r-xp 00006000 08:05 1576650    /lib/librt-2.9.so
b68ca000-b68cb000 rwxp 00007000 08:05 1576650    /lib/librt-2.9.so
b68cb000-b68ce000 ---p 00000000 00:00 0 
b68ce000-b691c000 rwxp 00000000 00:00 0 
b691c000-b6941000 r-xp 00000000 08:05 1576642    /lib/libm-2.9.so
b6941000-b6942000 r-xp 00024000 08:05 1576642    /lib/libm-2.9.so
b6942000-b6943000 rwxp 00025000 08:05 1576642    /lib/libm-2.9.so
b6943000-b70d0000 r-xp 00000000 08:05 9442093    /opt/sun-jdk/jre/lib/i386/server/libjvm.so
b70d0000-b7123000 rwxp 0078d000 08:05 9442093    /opt/sun-jdk/jre/lib/i386/server/libjvm.so
b7123000-b7542000 rwxp 00000000 00:00 0 
b7542000-b76a2000 r-xp 00000000 08:05 1576639    /lib/libc-2.9.so
b76a2000-b76a4000 r-xp 0015f000 08:05 1576639    /lib/libc-2.9.so
b76a4000-b76a5000 rwxp 00161000 08:05 1576639    /lib/libc-2.9.so
b76a5000-b76a8000 rwxp 00000000 00:00 0 
b76a8000-b76aa000 r-xp 00000000 08:05 1576641    /lib/libdl-2.9.so
b76aa000-b76ab000 r-xp 00001000 08:05 1576641    /lib/libdl-2.9.so
b76ab000-b76ac000 rwxp 00002000 08:05 1576641    /lib/libdl-2.9.so
b76ac000-b76ad000 rwxp 00000000 00:00 0 
b76ad000-b76b4000 r-xp 00000000 08:05 9440851    /opt/sun-jdk/jre/lib/i386/jli/libjli.so
b76b4000-b76b6000 rwxp 00006000 08:05 9440851    /opt/sun-jdk/jre/lib/i386/jli/libjli.so
b76b6000-b76cb000 r-xp 00000000 08:05 1576648    /lib/libpthread-2.9.so
b76cb000-b76cc000 r-xp 00014000 08:05 1576648    /lib/libpthread-2.9.so
b76cc000-b76cd000 rwxp 00015000 08:05 1576648    /lib/libpthread-2.9.so
b76cd000-b76cf000 rwxp 00000000 00:00 0 
b76d3000-b76d4000 rwxp 00000000 00:00 0 
b76d4000-b76d5000 r-xp 00000000 00:00 0 
b76d5000-b76ea000 r-xp 00000000 08:05 1576643    /lib/libnsl-2.9.so
b76ea000-b76eb000 r-xp 00014000 08:05 1576643    /lib/libnsl-2.9.so
b76eb000-b76ec000 rwxp 00015000 08:05 1576643    /lib/libnsl-2.9.so
b76ec000-b76ee000 rwxp 00000000 00:00 0 
b76ee000-b76f9000 r-xp 00000000 08:05 9442090    /opt/sun-jdk/jre/lib/i386/libverify.so
b76f9000-b76fa000 rwxp 0000b000 08:05 9442090    /opt/sun-jdk/jre/lib/i386/libverify.so
b76fa000-b76fb000 rwxp 00000000 00:00 0 
b76fb000-b771a000 r-xp 00000000 08:05 1576622    /lib/ld-2.9.so
b771a000-b771b000 r-xp 0001e000 08:05 1576622    /lib/ld-2.9.so
b771b000-b771c000 rwxp 0001f000 08:05 1576622    /lib/ld-2.9.so
bfd03000-bfd18000 rwxp 00000000 00:00 0          [stack]
ffffe000-fffff000 r-xp 00000000 00:00 0          [vdso]

VM Arguments:
jvm_args: -Dfile.encoding=UTF-8 -Xbootclasspath:/home/ahmetcan/İndirilenler/android-sdk-linux_x86/platforms/android-8/android.jar 
java_command: com.example.evci.KayitOl
Launcher Type: SUN_STANDARD

Environment Variables:
JAVA_HOME=/opt/sun-jre
PATH=/usr/qt/4/bin:/usr/local/bin:/usr/local/sbin:/usr/bin:/usr/sbin:/bin:/sbin:/opt/bin:/opt/sun-jre/bin:/usr/kde/4/bin
LD_LIBRARY_PATH=/opt/sun-jdk/jre/lib/i386/server:/opt/sun-jdk/jre/lib/i386:/opt/sun-jdk/jre/../lib/i386:/opt/sun-jdk/jre/lib/i386/client:/opt/sun-jdk/jre/lib/i386:
SHELL=/bin/bash
DISPLAY=:0.0

Signal Handlers:
SIGSEGV: [libjvm.so+0x708f80], sa_mask[0]=0x7ffbfeff, sa_flags=0x10000004
SIGBUS: [libjvm.so+0x708f80], sa_mask[0]=0x7ffbfeff, sa_flags=0x10000004
SIGFPE: [libjvm.so+0x5c4100], sa_mask[0]=0x7ffbfeff, sa_flags=0x10000004
SIGPIPE: [libjvm.so+0x5c4100], sa_mask[0]=0x7ffbfeff, sa_flags=0x10000004
SIGXFSZ: [libjvm.so+0x5c4100], sa_mask[0]=0x7ffbfeff, sa_flags=0x10000004
SIGILL: [libjvm.so+0x5c4100], sa_mask[0]=0x7ffbfeff, sa_flags=0x10000004
SIGUSR1: SIG_DFL, sa_mask[0]=0x00000000, sa_flags=0x00000000
SIGUSR2: [libjvm.so+0x5c70e0], sa_mask[0]=0x00000004, sa_flags=0x10000004
SIGHUP: SIG_DFL, sa_mask[0]=0x00000000, sa_flags=0x00000000
SIGINT: SIG_DFL, sa_mask[0]=0x00000000, sa_flags=0x00000000
SIGTERM: SIG_DFL, sa_mask[0]=0x00000000, sa_flags=0x00000000
SIGQUIT: SIG_DFL, sa_mask[0]=0x00000000, sa_flags=0x00000000


---------------  S Y S T E M  ---------------

OS:Linux
uname:Linux 2.6.31.14-132 #1 SMP Thu Dec 16 15:55:32 EET 2010 i686
libc:glibc 2.9 NPTL 2.9 
rlimit: STACK 8192k, CORE 0k, NPROC 24155, NOFILE 1024, AS infinity
load average:0.29 0.22 0.20

/proc/meminfo:
MemTotal:        3097532 kB
MemFree:         1590676 kB
Buffers:           55364 kB
Cached:           586168 kB
SwapCached:            0 kB
Active:          1008956 kB
Inactive:         420896 kB
Active(anon):     790288 kB
Inactive(anon):       40 kB
Active(file):     218668 kB
Inactive(file):   420856 kB
Unevictable:           0 kB
Mlocked:               0 kB
HighTotal:       2240008 kB
HighFree:         847416 kB
LowTotal:         857524 kB
LowFree:          743260 kB
SwapTotal:        307192 kB
SwapFree:         307192 kB
Dirty:               548 kB
Writeback:             0 kB
AnonPages:        788488 kB
Mapped:           145140 kB
Slab:              38832 kB
SReclaimable:      25572 kB
SUnreclaim:        13260 kB
PageTables:         5092 kB
NFS_Unstable:          0 kB
Bounce:                0 kB
WritebackTmp:          0 kB
CommitLimit:     1855956 kB
Committed_AS:    1956244 kB
VmallocTotal:     122880 kB
VmallocUsed:       49356 kB
VmallocChunk:      40948 kB
HugePages_Total:       0
HugePages_Free:        0
HugePages_Rsvd:        0
HugePages_Surp:        0
Hugepagesize:       4096 kB
DirectMap4k:       36856 kB
DirectMap4M:      868352 kB


CPU:total 2 (2 cores per cpu, 1 threads per core) family 6 model 23 stepping 10, cmov, cx8, fxsr, mmx, sse, sse2, sse3, ssse3, sse4.1

Memory: 4k page, physical 3097532k(1590676k free), swap 307192k(307192k free)

vm_info: Java HotSpot(TM) Server VM (19.1-b02) for linux-x86 JRE (1.6.0_24-b07), built on Feb  2 2011 16:51:52 by "java_re" with gcc 3.2.1-7a (J2SE release)

time: Wed Mar 23 21:06:26 2011
elapsed time: 0 seconds

