#
# A fatal error has been detected by the Java Runtime Environment:
#
#  Internal Error (classFileParser.cpp:3375), pid=9734, tid=3063393168
#  Error: ShouldNotReachHere()
#
# JRE version: 6.0_24-b07
# Java VM: Java HotSpot(TM) Server VM (19.1-b02 mixed mode linux-x86 )
# If you would like to submit a bug report, please visit:
#   http://java.sun.com/webapps/bugreport/crash.jsp
#

---------------  T H R E A D  ---------------

Current thread (0x092adc00):  JavaThread "Unknown thread" [_thread_in_vm, id=9739, stack(0xb692a000,0xb697b000)]

Stack: [0xb692a000,0xb697b000],  sp=0xb69797f0,  free space=317k
Native frames: (J=compiled Java code, j=interpreted, Vv=VM code, C=native code)
V  [libjvm.so+0x708370]
V  [libjvm.so+0x2e8b5f]
V  [libjvm.so+0x28167a]
V  [libjvm.so+0x287711]
V  [libjvm.so+0x699342]
V  [libjvm.so+0x6973de]
V  [libjvm.so+0x6961a6]
V  [libjvm.so+0x695e10]
V  [libjvm.so+0x69ac2a]
V  [libjvm.so+0x69acbc]
V  [libjvm.so+0x69ad80]
V  [libjvm.so+0x69ab69]
V  [libjvm.so+0x6e0aba]
V  [libjvm.so+0x6e217f]
V  [libjvm.so+0x3a94f8]
V  [libjvm.so+0x6c9c8d]
V  [libjvm.so+0x4025f6]
C  [java+0x305c]
C  [java+0x1942]  JavaMain+0x72


---------------  P R O C E S S  ---------------

Java Threads: ( => current thread )

Other Threads:

=>0x092adc00 (exited) JavaThread "Unknown thread" [_thread_in_vm, id=9739, stack(0xb692a000,0xb697b000)]

VM state:not at safepoint (not fully initialized)

VM Mutex/Monitor currently owned by a thread: None

Dynamic libraries:
08048000-08052000 r-xp 00000000 08:05 9442075    /opt/sun-jdk/jre/bin/java
08052000-08053000 rwxp 00009000 08:05 9442075    /opt/sun-jdk/jre/bin/java
092a8000-0930d000 rwxp 00000000 00:00 0          [heap]
7fdc0000-7fe25000 r-xs 004cb000 08:05 9962130    /home/ahmetcan/İndirilenler/android-sdk-linux_x86/platforms/android-8/android.jar
7fe25000-7fe26000 ---p 00000000 00:00 0 
7fe26000-7fea6000 rwxp 00000000 00:00 0 
7fea6000-7fea7000 ---p 00000000 00:00 0 
7fea7000-7ff2f000 rwxp 00000000 00:00 0 
7ff2f000-7ff47000 rwxp 00000000 00:00 0 
7ff47000-7ff57000 rwxp 00000000 00:00 0 
7ff57000-80044000 rwxp 00000000 00:00 0 
80044000-8004c000 rwxp 00000000 00:00 0 
8004c000-80064000 rwxp 00000000 00:00 0 
80064000-80074000 rwxp 00000000 00:00 0 
80074000-80160000 rwxp 00000000 00:00 0 
80160000-80169000 rwxp 00000000 00:00 0 
80169000-801df000 rwxp 00000000 00:00 0 
801df000-811e0000 rwxp 00000000 00:00 0 
811e0000-841e0000 rwxp 00000000 00:00 0 
841e0000-86170000 rwxp 00000000 00:00 0 
86170000-a3b40000 rwxp 00000000 00:00 0 
a3b40000-a4b00000 rwxp 00000000 00:00 0 
a4b00000-b37e0000 rwxp 00000000 00:00 0 
b37ea000-b37f3000 rwxp 00000000 00:00 0 
b37f3000-b38aa000 rwxp 00000000 00:00 0 
b38aa000-b3aea000 rwxp 00000000 00:00 0 
b3aea000-b68aa000 rwxp 00000000 00:00 0 
b68aa000-b68b4000 r-xp 00000000 08:05 1576646    /lib/libnss_files-2.9.so
b68b4000-b68b5000 r-xp 00009000 08:05 1576646    /lib/libnss_files-2.9.so
b68b5000-b68b6000 rwxp 0000a000 08:05 1576646    /lib/libnss_files-2.9.so
b68b6000-b68bf000 r-xp 00000000 08:05 1576647    /lib/libnss_nis-2.9.so
b68bf000-b68c0000 r-xp 00008000 08:05 1576647    /lib/libnss_nis-2.9.so
b68c0000-b68c1000 rwxp 00009000 08:05 1576647    /lib/libnss_nis-2.9.so
b68c1000-b68c8000 r-xp 00000000 08:05 1576644    /lib/libnss_compat-2.9.so
b68c8000-b68c9000 r-xp 00006000 08:05 1576644    /lib/libnss_compat-2.9.so
b68c9000-b68ca000 rwxp 00007000 08:05 1576644    /lib/libnss_compat-2.9.so
b68dc000-b68eb000 r-xp 00000000 08:05 9442091    /opt/sun-jdk/jre/lib/i386/libzip.so
b68eb000-b68ed000 rwxp 0000e000 08:05 9442091    /opt/sun-jdk/jre/lib/i386/libzip.so
b68ed000-b68f5000 rwxs 00000000 08:05 6948146    /tmp/hsperfdata_ahmetcan/9734
b68f5000-b68fb000 r-xp 00000000 08:05 9440896    /opt/sun-jdk/jre/lib/i386/native_threads/libhpi.so
b68fb000-b68fc000 rwxp 00006000 08:05 9440896    /opt/sun-jdk/jre/lib/i386/native_threads/libhpi.so
b68fc000-b691f000 r-xp 00000000 08:05 9442085    /opt/sun-jdk/jre/lib/i386/libjava.so
b691f000-b6921000 rwxp 00023000 08:05 9442085    /opt/sun-jdk/jre/lib/i386/libjava.so
b6921000-b6928000 r-xp 00000000 08:05 1576650    /lib/librt-2.9.so
b6928000-b6929000 r-xp 00006000 08:05 1576650    /lib/librt-2.9.so
b6929000-b692a000 rwxp 00007000 08:05 1576650    /lib/librt-2.9.so
b692a000-b692d000 ---p 00000000 00:00 0 
b692d000-b697b000 rwxp 00000000 00:00 0 
b697b000-b69a0000 r-xp 00000000 08:05 1576642    /lib/libm-2.9.so
b69a0000-b69a1000 r-xp 00024000 08:05 1576642    /lib/libm-2.9.so
b69a1000-b69a2000 rwxp 00025000 08:05 1576642    /lib/libm-2.9.so
b69a2000-b712f000 r-xp 00000000 08:05 9442093    /opt/sun-jdk/jre/lib/i386/server/libjvm.so
b712f000-b7182000 rwxp 0078d000 08:05 9442093    /opt/sun-jdk/jre/lib/i386/server/libjvm.so
b7182000-b75a1000 rwxp 00000000 00:00 0 
b75a1000-b7701000 r-xp 00000000 08:05 1576639    /lib/libc-2.9.so
b7701000-b7703000 r-xp 0015f000 08:05 1576639    /lib/libc-2.9.so
b7703000-b7704000 rwxp 00161000 08:05 1576639    /lib/libc-2.9.so
b7704000-b7707000 rwxp 00000000 00:00 0 
b7707000-b7709000 r-xp 00000000 08:05 1576641    /lib/libdl-2.9.so
b7709000-b770a000 r-xp 00001000 08:05 1576641    /lib/libdl-2.9.so
b770a000-b770b000 rwxp 00002000 08:05 1576641    /lib/libdl-2.9.so
b770b000-b770c000 rwxp 00000000 00:00 0 
b770c000-b7713000 r-xp 00000000 08:05 9440851    /opt/sun-jdk/jre/lib/i386/jli/libjli.so
b7713000-b7715000 rwxp 00006000 08:05 9440851    /opt/sun-jdk/jre/lib/i386/jli/libjli.so
b7715000-b772a000 r-xp 00000000 08:05 1576648    /lib/libpthread-2.9.so
b772a000-b772b000 r-xp 00014000 08:05 1576648    /lib/libpthread-2.9.so
b772b000-b772c000 rwxp 00015000 08:05 1576648    /lib/libpthread-2.9.so
b772c000-b772e000 rwxp 00000000 00:00 0 
b7732000-b7733000 rwxp 00000000 00:00 0 
b7733000-b7734000 r-xp 00000000 00:00 0 
b7734000-b7749000 r-xp 00000000 08:05 1576643    /lib/libnsl-2.9.so
b7749000-b774a000 r-xp 00014000 08:05 1576643    /lib/libnsl-2.9.so
b774a000-b774b000 rwxp 00015000 08:05 1576643    /lib/libnsl-2.9.so
b774b000-b774d000 rwxp 00000000 00:00 0 
b774d000-b7758000 r-xp 00000000 08:05 9442090    /opt/sun-jdk/jre/lib/i386/libverify.so
b7758000-b7759000 rwxp 0000b000 08:05 9442090    /opt/sun-jdk/jre/lib/i386/libverify.so
b7759000-b775a000 rwxp 00000000 00:00 0 
b775a000-b7779000 r-xp 00000000 08:05 1576622    /lib/ld-2.9.so
b7779000-b777a000 r-xp 0001e000 08:05 1576622    /lib/ld-2.9.so
b777a000-b777b000 rwxp 0001f000 08:05 1576622    /lib/ld-2.9.so
bf8b0000-bf8c5000 rwxp 00000000 00:00 0          [stack]
ffffe000-fffff000 r-xp 00000000 00:00 0          [vdso]

VM Arguments:
jvm_args: -Dfile.encoding=UTF-8 -Xbootclasspath:/home/ahmetcan/İndirilenler/android-sdk-linux_x86/platforms/android-8/android.jar 
java_command: com.example.evci.KayitOl
Launcher Type: SUN_STANDARD

Environment Variables:
JAVA_HOME=/opt/sun-jre
PATH=/usr/qt/4/bin:/usr/local/bin:/usr/local/sbin:/usr/bin:/usr/sbin:/bin:/sbin:/opt/bin:/opt/sun-jre/bin:/usr/kde/4/bin
LD_LIBRARY_PATH=/opt/sun-jdk/jre/lib/i386/server:/opt/sun-jdk/jre/lib/i386:/opt/sun-jdk/jre/../lib/i386:/opt/sun-jdk/jre/lib/i386/client:/opt/sun-jdk/jre/lib/i386:
SHELL=/bin/bash
DISPLAY=:0.0

Signal Handlers:
SIGSEGV: [libjvm.so+0x708f80], sa_mask[0]=0x7ffbfeff, sa_flags=0x10000004
SIGBUS: [libjvm.so+0x708f80], sa_mask[0]=0x7ffbfeff, sa_flags=0x10000004
SIGFPE: [libjvm.so+0x5c4100], sa_mask[0]=0x7ffbfeff, sa_flags=0x10000004
SIGPIPE: [libjvm.so+0x5c4100], sa_mask[0]=0x7ffbfeff, sa_flags=0x10000004
SIGXFSZ: [libjvm.so+0x5c4100], sa_mask[0]=0x7ffbfeff, sa_flags=0x10000004
SIGILL: [libjvm.so+0x5c4100], sa_mask[0]=0x7ffbfeff, sa_flags=0x10000004
SIGUSR1: SIG_DFL, sa_mask[0]=0x00000000, sa_flags=0x00000000
SIGUSR2: [libjvm.so+0x5c70e0], sa_mask[0]=0x00000004, sa_flags=0x10000004
SIGHUP: SIG_DFL, sa_mask[0]=0x00000000, sa_flags=0x00000000
SIGINT: SIG_DFL, sa_mask[0]=0x00000000, sa_flags=0x00000000
SIGTERM: SIG_DFL, sa_mask[0]=0x00000000, sa_flags=0x00000000
SIGQUIT: SIG_DFL, sa_mask[0]=0x00000000, sa_flags=0x00000000


---------------  S Y S T E M  ---------------

OS:Linux
uname:Linux 2.6.31.14-132 #1 SMP Thu Dec 16 15:55:32 EET 2010 i686
libc:glibc 2.9 NPTL 2.9 
rlimit: STACK 8192k, CORE 0k, NPROC 24155, NOFILE 1024, AS infinity
load average:1.04 0.53 0.40

/proc/meminfo:
MemTotal:        3097532 kB
MemFree:         1249980 kB
Buffers:           90092 kB
Cached:           705368 kB
SwapCached:            0 kB
Active:          1225220 kB
Inactive:         523388 kB
Active(anon):     956304 kB
Inactive(anon):       40 kB
Active(file):     268916 kB
Inactive(file):   523348 kB
Unevictable:           0 kB
Mlocked:               0 kB
HighTotal:       2240008 kB
HighFree:         562836 kB
LowTotal:         857524 kB
LowFree:          687144 kB
SwapTotal:        307192 kB
SwapFree:         307192 kB
Dirty:              2292 kB
Writeback:             0 kB
AnonPages:        953148 kB
Mapped:           150108 kB
Slab:              59692 kB
SReclaimable:      45228 kB
SUnreclaim:        14464 kB
PageTables:         5404 kB
NFS_Unstable:          0 kB
Bounce:                0 kB
WritebackTmp:          0 kB
CommitLimit:     1855956 kB
Committed_AS:    2078060 kB
VmallocTotal:     122880 kB
VmallocUsed:       49312 kB
VmallocChunk:      44532 kB
HugePages_Total:       0
HugePages_Free:        0
HugePages_Rsvd:        0
HugePages_Surp:        0
Hugepagesize:       4096 kB
DirectMap4k:       40952 kB
DirectMap4M:      864256 kB


CPU:total 2 (2 cores per cpu, 1 threads per core) family 6 model 23 stepping 10, cmov, cx8, fxsr, mmx, sse, sse2, sse3, ssse3, sse4.1

Memory: 4k page, physical 3097532k(1249856k free), swap 307192k(307192k free)

vm_info: Java HotSpot(TM) Server VM (19.1-b02) for linux-x86 JRE (1.6.0_24-b07), built on Feb  2 2011 16:51:52 by "java_re" with gcc 3.2.1-7a (J2SE release)

time: Tue Mar 22 21:05:32 2011
elapsed time: 0 seconds

