#
# A fatal error has been detected by the Java Runtime Environment:
#
#  Internal Error (classFileParser.cpp:3375), pid=9812, tid=3063720848
#  Error: ShouldNotReachHere()
#
# JRE version: 6.0_24-b07
# Java VM: Java HotSpot(TM) Server VM (19.1-b02 mixed mode linux-x86 )
# If you would like to submit a bug report, please visit:
#   http://java.sun.com/webapps/bugreport/crash.jsp
#

---------------  T H R E A D  ---------------

Current thread (0x08781c00):  JavaThread "Unknown thread" [_thread_in_vm, id=9814, stack(0xb697a000,0xb69cb000)]

Stack: [0xb697a000,0xb69cb000],  sp=0xb69c97f0,  free space=317k
Native frames: (J=compiled Java code, j=interpreted, Vv=VM code, C=native code)
V  [libjvm.so+0x708370]
V  [libjvm.so+0x2e8b5f]
V  [libjvm.so+0x28167a]
V  [libjvm.so+0x287711]
V  [libjvm.so+0x699342]
V  [libjvm.so+0x6973de]
V  [libjvm.so+0x6961a6]
V  [libjvm.so+0x695e10]
V  [libjvm.so+0x69ac2a]
V  [libjvm.so+0x69acbc]
V  [libjvm.so+0x69ad80]
V  [libjvm.so+0x69ab69]
V  [libjvm.so+0x6e0aba]
V  [libjvm.so+0x6e217f]
V  [libjvm.so+0x3a94f8]
V  [libjvm.so+0x6c9c8d]
V  [libjvm.so+0x4025f6]
C  [java+0x305c]
C  [java+0x1942]  JavaMain+0x72


---------------  P R O C E S S  ---------------

Java Threads: ( => current thread )

Other Threads:

=>0x08781c00 (exited) JavaThread "Unknown thread" [_thread_in_vm, id=9814, stack(0xb697a000,0xb69cb000)]

VM state:not at safepoint (not fully initialized)

VM Mutex/Monitor currently owned by a thread: None

Dynamic libraries:
08048000-08052000 r-xp 00000000 08:05 9442075    /opt/sun-jdk/jre/bin/java
08052000-08053000 rwxp 00009000 08:05 9442075    /opt/sun-jdk/jre/bin/java
0877c000-087e1000 rwxp 00000000 00:00 0          [heap]
7fe10000-7fe75000 r-xs 004cb000 08:05 9962130    /home/ahmetcan/İndirilenler/android-sdk-linux_x86/platforms/android-8/android.jar
7fe75000-7fe76000 ---p 00000000 00:00 0 
7fe76000-7fef6000 rwxp 00000000 00:00 0 
7fef6000-7fef7000 ---p 00000000 00:00 0 
7fef7000-7ff7f000 rwxp 00000000 00:00 0 
7ff7f000-7ff97000 rwxp 00000000 00:00 0 
7ff97000-7ffa7000 rwxp 00000000 00:00 0 
7ffa7000-80094000 rwxp 00000000 00:00 0 
80094000-8009c000 rwxp 00000000 00:00 0 
8009c000-800b4000 rwxp 00000000 00:00 0 
800b4000-800c4000 rwxp 00000000 00:00 0 
800c4000-801b0000 rwxp 00000000 00:00 0 
801b0000-801b9000 rwxp 00000000 00:00 0 
801b9000-8022f000 rwxp 00000000 00:00 0 
8022f000-81230000 rwxp 00000000 00:00 0 
81230000-84230000 rwxp 00000000 00:00 0 
84230000-861c0000 rwxp 00000000 00:00 0 
861c0000-a3b90000 rwxp 00000000 00:00 0 
a3b90000-a4b50000 rwxp 00000000 00:00 0 
a4b50000-b3830000 rwxp 00000000 00:00 0 
b383a000-b3843000 rwxp 00000000 00:00 0 
b3843000-b38fa000 rwxp 00000000 00:00 0 
b38fa000-b3b3a000 rwxp 00000000 00:00 0 
b3b3a000-b68fa000 rwxp 00000000 00:00 0 
b68fa000-b6904000 r-xp 00000000 08:05 1576646    /lib/libnss_files-2.9.so
b6904000-b6905000 r-xp 00009000 08:05 1576646    /lib/libnss_files-2.9.so
b6905000-b6906000 rwxp 0000a000 08:05 1576646    /lib/libnss_files-2.9.so
b6906000-b690f000 r-xp 00000000 08:05 1576647    /lib/libnss_nis-2.9.so
b690f000-b6910000 r-xp 00008000 08:05 1576647    /lib/libnss_nis-2.9.so
b6910000-b6911000 rwxp 00009000 08:05 1576647    /lib/libnss_nis-2.9.so
b6911000-b6918000 r-xp 00000000 08:05 1576644    /lib/libnss_compat-2.9.so
b6918000-b6919000 r-xp 00006000 08:05 1576644    /lib/libnss_compat-2.9.so
b6919000-b691a000 rwxp 00007000 08:05 1576644    /lib/libnss_compat-2.9.so
b692c000-b693b000 r-xp 00000000 08:05 9442091    /opt/sun-jdk/jre/lib/i386/libzip.so
b693b000-b693d000 rwxp 0000e000 08:05 9442091    /opt/sun-jdk/jre/lib/i386/libzip.so
b693d000-b6945000 rwxs 00000000 08:05 6948146    /tmp/hsperfdata_ahmetcan/9812
b6945000-b694b000 r-xp 00000000 08:05 9440896    /opt/sun-jdk/jre/lib/i386/native_threads/libhpi.so
b694b000-b694c000 rwxp 00006000 08:05 9440896    /opt/sun-jdk/jre/lib/i386/native_threads/libhpi.so
b694c000-b696f000 r-xp 00000000 08:05 9442085    /opt/sun-jdk/jre/lib/i386/libjava.so
b696f000-b6971000 rwxp 00023000 08:05 9442085    /opt/sun-jdk/jre/lib/i386/libjava.so
b6971000-b6978000 r-xp 00000000 08:05 1576650    /lib/librt-2.9.so
b6978000-b6979000 r-xp 00006000 08:05 1576650    /lib/librt-2.9.so
b6979000-b697a000 rwxp 00007000 08:05 1576650    /lib/librt-2.9.so
b697a000-b697d000 ---p 00000000 00:00 0 
b697d000-b69cb000 rwxp 00000000 00:00 0 
b69cb000-b69f0000 r-xp 00000000 08:05 1576642    /lib/libm-2.9.so
b69f0000-b69f1000 r-xp 00024000 08:05 1576642    /lib/libm-2.9.so
b69f1000-b69f2000 rwxp 00025000 08:05 1576642    /lib/libm-2.9.so
b69f2000-b717f000 r-xp 00000000 08:05 9442093    /opt/sun-jdk/jre/lib/i386/server/libjvm.so
b717f000-b71d2000 rwxp 0078d000 08:05 9442093    /opt/sun-jdk/jre/lib/i386/server/libjvm.so
b71d2000-b75f1000 rwxp 00000000 00:00 0 
b75f1000-b7751000 r-xp 00000000 08:05 1576639    /lib/libc-2.9.so
b7751000-b7753000 r-xp 0015f000 08:05 1576639    /lib/libc-2.9.so
b7753000-b7754000 rwxp 00161000 08:05 1576639    /lib/libc-2.9.so
b7754000-b7757000 rwxp 00000000 00:00 0 
b7757000-b7759000 r-xp 00000000 08:05 1576641    /lib/libdl-2.9.so
b7759000-b775a000 r-xp 00001000 08:05 1576641    /lib/libdl-2.9.so
b775a000-b775b000 rwxp 00002000 08:05 1576641    /lib/libdl-2.9.so
b775b000-b775c000 rwxp 00000000 00:00 0 
b775c000-b7763000 r-xp 00000000 08:05 9440851    /opt/sun-jdk/jre/lib/i386/jli/libjli.so
b7763000-b7765000 rwxp 00006000 08:05 9440851    /opt/sun-jdk/jre/lib/i386/jli/libjli.so
b7765000-b777a000 r-xp 00000000 08:05 1576648    /lib/libpthread-2.9.so
b777a000-b777b000 r-xp 00014000 08:05 1576648    /lib/libpthread-2.9.so
b777b000-b777c000 rwxp 00015000 08:05 1576648    /lib/libpthread-2.9.so
b777c000-b777e000 rwxp 00000000 00:00 0 
b7782000-b7783000 rwxp 00000000 00:00 0 
b7783000-b7784000 r-xp 00000000 00:00 0 
b7784000-b7799000 r-xp 00000000 08:05 1576643    /lib/libnsl-2.9.so
b7799000-b779a000 r-xp 00014000 08:05 1576643    /lib/libnsl-2.9.so
b779a000-b779b000 rwxp 00015000 08:05 1576643    /lib/libnsl-2.9.so
b779b000-b779d000 rwxp 00000000 00:00 0 
b779d000-b77a8000 r-xp 00000000 08:05 9442090    /opt/sun-jdk/jre/lib/i386/libverify.so
b77a8000-b77a9000 rwxp 0000b000 08:05 9442090    /opt/sun-jdk/jre/lib/i386/libverify.so
b77a9000-b77aa000 rwxp 00000000 00:00 0 
b77aa000-b77c9000 r-xp 00000000 08:05 1576622    /lib/ld-2.9.so
b77c9000-b77ca000 r-xp 0001e000 08:05 1576622    /lib/ld-2.9.so
b77ca000-b77cb000 rwxp 0001f000 08:05 1576622    /lib/ld-2.9.so
bfb1b000-bfb30000 rwxp 00000000 00:00 0          [stack]
ffffe000-fffff000 r-xp 00000000 00:00 0          [vdso]

VM Arguments:
jvm_args: -Dfile.encoding=UTF-8 -Xbootclasspath:/home/ahmetcan/İndirilenler/android-sdk-linux_x86/platforms/android-8/android.jar 
java_command: com.example.evci.KayitOl
Launcher Type: SUN_STANDARD

Environment Variables:
JAVA_HOME=/opt/sun-jre
PATH=/usr/qt/4/bin:/usr/local/bin:/usr/local/sbin:/usr/bin:/usr/sbin:/bin:/sbin:/opt/bin:/opt/sun-jre/bin:/usr/kde/4/bin
LD_LIBRARY_PATH=/opt/sun-jdk/jre/lib/i386/server:/opt/sun-jdk/jre/lib/i386:/opt/sun-jdk/jre/../lib/i386:/opt/sun-jdk/jre/lib/i386/client:/opt/sun-jdk/jre/lib/i386:
SHELL=/bin/bash
DISPLAY=:0.0

Signal Handlers:
SIGSEGV: [libjvm.so+0x708f80], sa_mask[0]=0x7ffbfeff, sa_flags=0x10000004
SIGBUS: [libjvm.so+0x708f80], sa_mask[0]=0x7ffbfeff, sa_flags=0x10000004
SIGFPE: [libjvm.so+0x5c4100], sa_mask[0]=0x7ffbfeff, sa_flags=0x10000004
SIGPIPE: [libjvm.so+0x5c4100], sa_mask[0]=0x7ffbfeff, sa_flags=0x10000004
SIGXFSZ: [libjvm.so+0x5c4100], sa_mask[0]=0x7ffbfeff, sa_flags=0x10000004
SIGILL: [libjvm.so+0x5c4100], sa_mask[0]=0x7ffbfeff, sa_flags=0x10000004
SIGUSR1: SIG_DFL, sa_mask[0]=0x00000000, sa_flags=0x00000000
SIGUSR2: [libjvm.so+0x5c70e0], sa_mask[0]=0x00000004, sa_flags=0x10000004
SIGHUP: SIG_DFL, sa_mask[0]=0x00000000, sa_flags=0x00000000
SIGINT: SIG_DFL, sa_mask[0]=0x00000000, sa_flags=0x00000000
SIGTERM: SIG_DFL, sa_mask[0]=0x00000000, sa_flags=0x00000000
SIGQUIT: SIG_DFL, sa_mask[0]=0x00000000, sa_flags=0x00000000


---------------  S Y S T E M  ---------------

OS:Linux
uname:Linux 2.6.31.14-132 #1 SMP Thu Dec 16 15:55:32 EET 2010 i686
libc:glibc 2.9 NPTL 2.9 
rlimit: STACK 8192k, CORE 0k, NPROC 24155, NOFILE 1024, AS infinity
load average:1.09 0.58 0.41

/proc/meminfo:
MemTotal:        3097532 kB
MemFree:         1249120 kB
Buffers:           90216 kB
Cached:           706900 kB
SwapCached:            0 kB
Active:          1227068 kB
Inactive:         522964 kB
Active(anon):     956072 kB
Inactive(anon):       40 kB
Active(file):     270996 kB
Inactive(file):   522924 kB
Unevictable:           0 kB
Mlocked:               0 kB
HighTotal:       2240008 kB
HighFree:         561844 kB
LowTotal:         857524 kB
LowFree:          687276 kB
SwapTotal:        307192 kB
SwapFree:         307192 kB
Dirty:               600 kB
Writeback:             0 kB
AnonPages:        952924 kB
Mapped:           150416 kB
Slab:              59676 kB
SReclaimable:      45216 kB
SUnreclaim:        14460 kB
PageTables:         5432 kB
NFS_Unstable:          0 kB
Bounce:                0 kB
WritebackTmp:          0 kB
CommitLimit:     1855956 kB
Committed_AS:    2106980 kB
VmallocTotal:     122880 kB
VmallocUsed:       49312 kB
VmallocChunk:      44532 kB
HugePages_Total:       0
HugePages_Free:        0
HugePages_Rsvd:        0
HugePages_Surp:        0
Hugepagesize:       4096 kB
DirectMap4k:       40952 kB
DirectMap4M:      864256 kB


CPU:total 2 (2 cores per cpu, 1 threads per core) family 6 model 23 stepping 10, cmov, cx8, fxsr, mmx, sse, sse2, sse3, ssse3, sse4.1

Memory: 4k page, physical 3097532k(1249120k free), swap 307192k(307192k free)

vm_info: Java HotSpot(TM) Server VM (19.1-b02) for linux-x86 JRE (1.6.0_24-b07), built on Feb  2 2011 16:51:52 by "java_re" with gcc 3.2.1-7a (J2SE release)

time: Tue Mar 22 21:05:54 2011
elapsed time: 0 seconds

