#
# A fatal error has been detected by the Java Runtime Environment:
#
#  Internal Error (classFileParser.cpp:3375), pid=27984, tid=3062950800
#  Error: ShouldNotReachHere()
#
# JRE version: 6.0_24-b07
# Java VM: Java HotSpot(TM) Server VM (19.1-b02 mixed mode linux-x86 )
# If you would like to submit a bug report, please visit:
#   http://java.sun.com/webapps/bugreport/crash.jsp
#

---------------  T H R E A D  ---------------

Current thread (0x08811c00):  JavaThread "Unknown thread" [_thread_in_vm, id=27989, stack(0xb68be000,0xb690f000)]

Stack: [0xb68be000,0xb690f000],  sp=0xb690d7f0,  free space=317k
Native frames: (J=compiled Java code, j=interpreted, Vv=VM code, C=native code)
V  [libjvm.so+0x708370]
V  [libjvm.so+0x2e8b5f]
V  [libjvm.so+0x28167a]
V  [libjvm.so+0x287711]
V  [libjvm.so+0x699342]
V  [libjvm.so+0x6973de]
V  [libjvm.so+0x6961a6]
V  [libjvm.so+0x695e10]
V  [libjvm.so+0x69ac2a]
V  [libjvm.so+0x69acbc]
V  [libjvm.so+0x69ad80]
V  [libjvm.so+0x69ab69]
V  [libjvm.so+0x6e0aba]
V  [libjvm.so+0x6e217f]
V  [libjvm.so+0x3a94f8]
V  [libjvm.so+0x6c9c8d]
V  [libjvm.so+0x4025f6]
C  [java+0x305c]
C  [java+0x1942]  JavaMain+0x72


---------------  P R O C E S S  ---------------

Java Threads: ( => current thread )

Other Threads:

=>0x08811c00 (exited) JavaThread "Unknown thread" [_thread_in_vm, id=27989, stack(0xb68be000,0xb690f000)]

VM state:not at safepoint (not fully initialized)

VM Mutex/Monitor currently owned by a thread: None

Dynamic libraries:
08048000-08052000 r-xp 00000000 08:05 9442075    /opt/sun-jdk/jre/bin/java
08052000-08053000 rwxp 00009000 08:05 9442075    /opt/sun-jdk/jre/bin/java
0880c000-08871000 rwxp 00000000 00:00 0          [heap]
7fd50000-7fdb5000 r-xs 004cb000 08:05 9962130    /home/ahmetcan/İndirilenler/android-sdk-linux_x86/platforms/android-8/android.jar
7fdb5000-7fdb6000 ---p 00000000 00:00 0 
7fdb6000-7fe36000 rwxp 00000000 00:00 0 
7fe36000-7fe37000 ---p 00000000 00:00 0 
7fe37000-7febf000 rwxp 00000000 00:00 0 
7febf000-7fed7000 rwxp 00000000 00:00 0 
7fed7000-7fee7000 rwxp 00000000 00:00 0 
7fee7000-7ffd4000 rwxp 00000000 00:00 0 
7ffd4000-7ffdc000 rwxp 00000000 00:00 0 
7ffdc000-7fff4000 rwxp 00000000 00:00 0 
7fff4000-80004000 rwxp 00000000 00:00 0 
80004000-800f0000 rwxp 00000000 00:00 0 
800f0000-800f9000 rwxp 00000000 00:00 0 
800f9000-8016f000 rwxp 00000000 00:00 0 
8016f000-81170000 rwxp 00000000 00:00 0 
81170000-84170000 rwxp 00000000 00:00 0 
84170000-86100000 rwxp 00000000 00:00 0 
86100000-a3ad0000 rwxp 00000000 00:00 0 
a3ad0000-a4a90000 rwxp 00000000 00:00 0 
a4a90000-b3770000 rwxp 00000000 00:00 0 
b377e000-b3787000 rwxp 00000000 00:00 0 
b3787000-b383e000 rwxp 00000000 00:00 0 
b383e000-b3a7e000 rwxp 00000000 00:00 0 
b3a7e000-b683e000 rwxp 00000000 00:00 0 
b683e000-b6848000 r-xp 00000000 08:05 1576646    /lib/libnss_files-2.9.so
b6848000-b6849000 r-xp 00009000 08:05 1576646    /lib/libnss_files-2.9.so
b6849000-b684a000 rwxp 0000a000 08:05 1576646    /lib/libnss_files-2.9.so
b684a000-b6853000 r-xp 00000000 08:05 1576647    /lib/libnss_nis-2.9.so
b6853000-b6854000 r-xp 00008000 08:05 1576647    /lib/libnss_nis-2.9.so
b6854000-b6855000 rwxp 00009000 08:05 1576647    /lib/libnss_nis-2.9.so
b6855000-b685c000 r-xp 00000000 08:05 1576644    /lib/libnss_compat-2.9.so
b685c000-b685d000 r-xp 00006000 08:05 1576644    /lib/libnss_compat-2.9.so
b685d000-b685e000 rwxp 00007000 08:05 1576644    /lib/libnss_compat-2.9.so
b6870000-b687f000 r-xp 00000000 08:05 9442091    /opt/sun-jdk/jre/lib/i386/libzip.so
b687f000-b6881000 rwxp 0000e000 08:05 9442091    /opt/sun-jdk/jre/lib/i386/libzip.so
b6881000-b6889000 rwxs 00000000 08:05 6948025    /tmp/hsperfdata_ahmetcan/27984
b6889000-b688f000 r-xp 00000000 08:05 9440896    /opt/sun-jdk/jre/lib/i386/native_threads/libhpi.so
b688f000-b6890000 rwxp 00006000 08:05 9440896    /opt/sun-jdk/jre/lib/i386/native_threads/libhpi.so
b6890000-b68b3000 r-xp 00000000 08:05 9442085    /opt/sun-jdk/jre/lib/i386/libjava.so
b68b3000-b68b5000 rwxp 00023000 08:05 9442085    /opt/sun-jdk/jre/lib/i386/libjava.so
b68b5000-b68bc000 r-xp 00000000 08:05 1576650    /lib/librt-2.9.so
b68bc000-b68bd000 r-xp 00006000 08:05 1576650    /lib/librt-2.9.so
b68bd000-b68be000 rwxp 00007000 08:05 1576650    /lib/librt-2.9.so
b68be000-b68c1000 ---p 00000000 00:00 0 
b68c1000-b690f000 rwxp 00000000 00:00 0 
b690f000-b6934000 r-xp 00000000 08:05 1576642    /lib/libm-2.9.so
b6934000-b6935000 r-xp 00024000 08:05 1576642    /lib/libm-2.9.so
b6935000-b6936000 rwxp 00025000 08:05 1576642    /lib/libm-2.9.so
b6936000-b70c3000 r-xp 00000000 08:05 9442093    /opt/sun-jdk/jre/lib/i386/server/libjvm.so
b70c3000-b7116000 rwxp 0078d000 08:05 9442093    /opt/sun-jdk/jre/lib/i386/server/libjvm.so
b7116000-b7535000 rwxp 00000000 00:00 0 
b7535000-b7695000 r-xp 00000000 08:05 1576639    /lib/libc-2.9.so
b7695000-b7697000 r-xp 0015f000 08:05 1576639    /lib/libc-2.9.so
b7697000-b7698000 rwxp 00161000 08:05 1576639    /lib/libc-2.9.so
b7698000-b769b000 rwxp 00000000 00:00 0 
b769b000-b769d000 r-xp 00000000 08:05 1576641    /lib/libdl-2.9.so
b769d000-b769e000 r-xp 00001000 08:05 1576641    /lib/libdl-2.9.so
b769e000-b769f000 rwxp 00002000 08:05 1576641    /lib/libdl-2.9.so
b769f000-b76a0000 rwxp 00000000 00:00 0 
b76a0000-b76a7000 r-xp 00000000 08:05 9440851    /opt/sun-jdk/jre/lib/i386/jli/libjli.so
b76a7000-b76a9000 rwxp 00006000 08:05 9440851    /opt/sun-jdk/jre/lib/i386/jli/libjli.so
b76a9000-b76be000 r-xp 00000000 08:05 1576648    /lib/libpthread-2.9.so
b76be000-b76bf000 r-xp 00014000 08:05 1576648    /lib/libpthread-2.9.so
b76bf000-b76c0000 rwxp 00015000 08:05 1576648    /lib/libpthread-2.9.so
b76c0000-b76c2000 rwxp 00000000 00:00 0 
b76c6000-b76c7000 rwxp 00000000 00:00 0 
b76c7000-b76c8000 r-xp 00000000 00:00 0 
b76c8000-b76dd000 r-xp 00000000 08:05 1576643    /lib/libnsl-2.9.so
b76dd000-b76de000 r-xp 00014000 08:05 1576643    /lib/libnsl-2.9.so
b76de000-b76df000 rwxp 00015000 08:05 1576643    /lib/libnsl-2.9.so
b76df000-b76e1000 rwxp 00000000 00:00 0 
b76e1000-b76ec000 r-xp 00000000 08:05 9442090    /opt/sun-jdk/jre/lib/i386/libverify.so
b76ec000-b76ed000 rwxp 0000b000 08:05 9442090    /opt/sun-jdk/jre/lib/i386/libverify.so
b76ed000-b76ee000 rwxp 00000000 00:00 0 
b76ee000-b770d000 r-xp 00000000 08:05 1576622    /lib/ld-2.9.so
b770d000-b770e000 r-xp 0001e000 08:05 1576622    /lib/ld-2.9.so
b770e000-b770f000 rwxp 0001f000 08:05 1576622    /lib/ld-2.9.so
bfefc000-bff11000 rwxp 00000000 00:00 0          [stack]
ffffe000-fffff000 r-xp 00000000 00:00 0          [vdso]

VM Arguments:
jvm_args: -Dfile.encoding=UTF-8 -Xbootclasspath:/home/ahmetcan/İndirilenler/android-sdk-linux_x86/platforms/android-8/android.jar 
java_command: com.example.evci.KayitOl
Launcher Type: SUN_STANDARD

Environment Variables:
JAVA_HOME=/opt/sun-jre
PATH=/usr/qt/4/bin:/usr/local/bin:/usr/local/sbin:/usr/bin:/usr/sbin:/bin:/sbin:/opt/bin:/opt/sun-jre/bin:/usr/kde/4/bin
LD_LIBRARY_PATH=/opt/sun-jdk/jre/lib/i386/server:/opt/sun-jdk/jre/lib/i386:/opt/sun-jdk/jre/../lib/i386:/opt/sun-jdk/jre/lib/i386/client:/opt/sun-jdk/jre/lib/i386:
SHELL=/bin/bash
DISPLAY=:0.0

Signal Handlers:
SIGSEGV: [libjvm.so+0x708f80], sa_mask[0]=0x7ffbfeff, sa_flags=0x10000004
SIGBUS: [libjvm.so+0x708f80], sa_mask[0]=0x7ffbfeff, sa_flags=0x10000004
SIGFPE: [libjvm.so+0x5c4100], sa_mask[0]=0x7ffbfeff, sa_flags=0x10000004
SIGPIPE: [libjvm.so+0x5c4100], sa_mask[0]=0x7ffbfeff, sa_flags=0x10000004
SIGXFSZ: [libjvm.so+0x5c4100], sa_mask[0]=0x7ffbfeff, sa_flags=0x10000004
SIGILL: [libjvm.so+0x5c4100], sa_mask[0]=0x7ffbfeff, sa_flags=0x10000004
SIGUSR1: SIG_DFL, sa_mask[0]=0x00000000, sa_flags=0x00000000
SIGUSR2: [libjvm.so+0x5c70e0], sa_mask[0]=0x00000004, sa_flags=0x10000004
SIGHUP: SIG_DFL, sa_mask[0]=0x00000000, sa_flags=0x00000000
SIGINT: SIG_DFL, sa_mask[0]=0x00000000, sa_flags=0x00000000
SIGTERM: SIG_DFL, sa_mask[0]=0x00000000, sa_flags=0x00000000
SIGQUIT: SIG_DFL, sa_mask[0]=0x00000000, sa_flags=0x00000000


---------------  S Y S T E M  ---------------

OS:Linux
uname:Linux 2.6.31.14-132 #1 SMP Thu Dec 16 15:55:32 EET 2010 i686
libc:glibc 2.9 NPTL 2.9 
rlimit: STACK 8192k, CORE 0k, NPROC 24155, NOFILE 1024, AS infinity
load average:0.62 0.61 0.55

/proc/meminfo:
MemTotal:        3097532 kB
MemFree:          221280 kB
Buffers:           80856 kB
Cached:          1459940 kB
SwapCached:            0 kB
Active:          1922956 kB
Inactive:         831312 kB
Active(anon):    1145528 kB
Inactive(anon):    73184 kB
Active(file):     777428 kB
Inactive(file):   758128 kB
Unevictable:           0 kB
Mlocked:               0 kB
HighTotal:       2240008 kB
HighFree:           2852 kB
LowTotal:         857524 kB
LowFree:          218428 kB
SwapTotal:        307192 kB
SwapFree:         307192 kB
Dirty:               344 kB
Writeback:             0 kB
AnonPages:       1213472 kB
Mapped:           168252 kB
Slab:              78324 kB
SReclaimable:      62608 kB
SUnreclaim:        15716 kB
PageTables:         5928 kB
NFS_Unstable:          0 kB
Bounce:                0 kB
WritebackTmp:          0 kB
CommitLimit:     1855956 kB
Committed_AS:    2668744 kB
VmallocTotal:     122880 kB
VmallocUsed:       49328 kB
VmallocChunk:      39924 kB
HugePages_Total:       0
HugePages_Free:        0
HugePages_Rsvd:        0
HugePages_Surp:        0
Hugepagesize:       4096 kB
DirectMap4k:       65528 kB
DirectMap4M:      839680 kB


CPU:total 2 (2 cores per cpu, 1 threads per core) family 6 model 23 stepping 10, cmov, cx8, fxsr, mmx, sse, sse2, sse3, ssse3, sse4.1

Memory: 4k page, physical 3097532k(221280k free), swap 307192k(307192k free)

vm_info: Java HotSpot(TM) Server VM (19.1-b02) for linux-x86 JRE (1.6.0_24-b07), built on Feb  2 2011 16:51:52 by "java_re" with gcc 3.2.1-7a (J2SE release)

time: Mon Mar 21 00:33:01 2011
elapsed time: 0 seconds

