#
# A fatal error has been detected by the Java Runtime Environment:
#
#  Internal Error (classFileParser.cpp:3375), pid=9803, tid=3063294864
#  Error: ShouldNotReachHere()
#
# JRE version: 6.0_24-b07
# Java VM: Java HotSpot(TM) Server VM (19.1-b02 mixed mode linux-x86 )
# If you would like to submit a bug report, please visit:
#   http://java.sun.com/webapps/bugreport/crash.jsp
#

---------------  T H R E A D  ---------------

Current thread (0x08163c00):  JavaThread "Unknown thread" [_thread_in_vm, id=9808, stack(0xb6912000,0xb6963000)]

Stack: [0xb6912000,0xb6963000],  sp=0xb69617f0,  free space=317k
Native frames: (J=compiled Java code, j=interpreted, Vv=VM code, C=native code)
V  [libjvm.so+0x708370]
V  [libjvm.so+0x2e8b5f]
V  [libjvm.so+0x28167a]
V  [libjvm.so+0x287711]
V  [libjvm.so+0x699342]
V  [libjvm.so+0x6973de]
V  [libjvm.so+0x6961a6]
V  [libjvm.so+0x695e10]
V  [libjvm.so+0x69ac2a]
V  [libjvm.so+0x69acbc]
V  [libjvm.so+0x69ad80]
V  [libjvm.so+0x69ab69]
V  [libjvm.so+0x6e0aba]
V  [libjvm.so+0x6e217f]
V  [libjvm.so+0x3a94f8]
V  [libjvm.so+0x6c9c8d]
V  [libjvm.so+0x4025f6]
C  [java+0x305c]
C  [java+0x1942]  JavaMain+0x72


---------------  P R O C E S S  ---------------

Java Threads: ( => current thread )

Other Threads:

=>0x08163c00 (exited) JavaThread "Unknown thread" [_thread_in_vm, id=9808, stack(0xb6912000,0xb6963000)]

VM state:not at safepoint (not fully initialized)

VM Mutex/Monitor currently owned by a thread: None

Dynamic libraries:
08048000-08052000 r-xp 00000000 08:05 9442075    /opt/sun-jdk/jre/bin/java
08052000-08053000 rwxp 00009000 08:05 9442075    /opt/sun-jdk/jre/bin/java
0815e000-081c3000 rwxp 00000000 00:00 0          [heap]
7fdb0000-7fe15000 r-xs 004cb000 08:05 9962130    /home/ahmetcan/İndirilenler/android-sdk-linux_x86/platforms/android-8/android.jar
7fe15000-7fe16000 ---p 00000000 00:00 0 
7fe16000-7fe96000 rwxp 00000000 00:00 0 
7fe96000-7fe97000 ---p 00000000 00:00 0 
7fe97000-7ff1f000 rwxp 00000000 00:00 0 
7ff1f000-7ff37000 rwxp 00000000 00:00 0 
7ff37000-7ff47000 rwxp 00000000 00:00 0 
7ff47000-80034000 rwxp 00000000 00:00 0 
80034000-8003c000 rwxp 00000000 00:00 0 
8003c000-80054000 rwxp 00000000 00:00 0 
80054000-80064000 rwxp 00000000 00:00 0 
80064000-80150000 rwxp 00000000 00:00 0 
80150000-80159000 rwxp 00000000 00:00 0 
80159000-801cf000 rwxp 00000000 00:00 0 
801cf000-811d0000 rwxp 00000000 00:00 0 
811d0000-841d0000 rwxp 00000000 00:00 0 
841d0000-86160000 rwxp 00000000 00:00 0 
86160000-a3b30000 rwxp 00000000 00:00 0 
a3b30000-a4af0000 rwxp 00000000 00:00 0 
a4af0000-b37d0000 rwxp 00000000 00:00 0 
b37d2000-b37db000 rwxp 00000000 00:00 0 
b37db000-b3892000 rwxp 00000000 00:00 0 
b3892000-b3ad2000 rwxp 00000000 00:00 0 
b3ad2000-b6892000 rwxp 00000000 00:00 0 
b6892000-b689c000 r-xp 00000000 08:05 1576646    /lib/libnss_files-2.9.so
b689c000-b689d000 r-xp 00009000 08:05 1576646    /lib/libnss_files-2.9.so
b689d000-b689e000 rwxp 0000a000 08:05 1576646    /lib/libnss_files-2.9.so
b689e000-b68a7000 r-xp 00000000 08:05 1576647    /lib/libnss_nis-2.9.so
b68a7000-b68a8000 r-xp 00008000 08:05 1576647    /lib/libnss_nis-2.9.so
b68a8000-b68a9000 rwxp 00009000 08:05 1576647    /lib/libnss_nis-2.9.so
b68a9000-b68b0000 r-xp 00000000 08:05 1576644    /lib/libnss_compat-2.9.so
b68b0000-b68b1000 r-xp 00006000 08:05 1576644    /lib/libnss_compat-2.9.so
b68b1000-b68b2000 rwxp 00007000 08:05 1576644    /lib/libnss_compat-2.9.so
b68c4000-b68d3000 r-xp 00000000 08:05 9442091    /opt/sun-jdk/jre/lib/i386/libzip.so
b68d3000-b68d5000 rwxp 0000e000 08:05 9442091    /opt/sun-jdk/jre/lib/i386/libzip.so
b68d5000-b68dd000 rwxs 00000000 08:05 6948146    /tmp/hsperfdata_ahmetcan/9803
b68dd000-b68e3000 r-xp 00000000 08:05 9440896    /opt/sun-jdk/jre/lib/i386/native_threads/libhpi.so
b68e3000-b68e4000 rwxp 00006000 08:05 9440896    /opt/sun-jdk/jre/lib/i386/native_threads/libhpi.so
b68e4000-b6907000 r-xp 00000000 08:05 9442085    /opt/sun-jdk/jre/lib/i386/libjava.so
b6907000-b6909000 rwxp 00023000 08:05 9442085    /opt/sun-jdk/jre/lib/i386/libjava.so
b6909000-b6910000 r-xp 00000000 08:05 1576650    /lib/librt-2.9.so
b6910000-b6911000 r-xp 00006000 08:05 1576650    /lib/librt-2.9.so
b6911000-b6912000 rwxp 00007000 08:05 1576650    /lib/librt-2.9.so
b6912000-b6915000 ---p 00000000 00:00 0 
b6915000-b6963000 rwxp 00000000 00:00 0 
b6963000-b6988000 r-xp 00000000 08:05 1576642    /lib/libm-2.9.so
b6988000-b6989000 r-xp 00024000 08:05 1576642    /lib/libm-2.9.so
b6989000-b698a000 rwxp 00025000 08:05 1576642    /lib/libm-2.9.so
b698a000-b7117000 r-xp 00000000 08:05 9442093    /opt/sun-jdk/jre/lib/i386/server/libjvm.so
b7117000-b716a000 rwxp 0078d000 08:05 9442093    /opt/sun-jdk/jre/lib/i386/server/libjvm.so
b716a000-b7589000 rwxp 00000000 00:00 0 
b7589000-b76e9000 r-xp 00000000 08:05 1576639    /lib/libc-2.9.so
b76e9000-b76eb000 r-xp 0015f000 08:05 1576639    /lib/libc-2.9.so
b76eb000-b76ec000 rwxp 00161000 08:05 1576639    /lib/libc-2.9.so
b76ec000-b76ef000 rwxp 00000000 00:00 0 
b76ef000-b76f1000 r-xp 00000000 08:05 1576641    /lib/libdl-2.9.so
b76f1000-b76f2000 r-xp 00001000 08:05 1576641    /lib/libdl-2.9.so
b76f2000-b76f3000 rwxp 00002000 08:05 1576641    /lib/libdl-2.9.so
b76f3000-b76f4000 rwxp 00000000 00:00 0 
b76f4000-b76fb000 r-xp 00000000 08:05 9440851    /opt/sun-jdk/jre/lib/i386/jli/libjli.so
b76fb000-b76fd000 rwxp 00006000 08:05 9440851    /opt/sun-jdk/jre/lib/i386/jli/libjli.so
b76fd000-b7712000 r-xp 00000000 08:05 1576648    /lib/libpthread-2.9.so
b7712000-b7713000 r-xp 00014000 08:05 1576648    /lib/libpthread-2.9.so
b7713000-b7714000 rwxp 00015000 08:05 1576648    /lib/libpthread-2.9.so
b7714000-b7716000 rwxp 00000000 00:00 0 
b771a000-b771b000 rwxp 00000000 00:00 0 
b771b000-b771c000 r-xp 00000000 00:00 0 
b771c000-b7731000 r-xp 00000000 08:05 1576643    /lib/libnsl-2.9.so
b7731000-b7732000 r-xp 00014000 08:05 1576643    /lib/libnsl-2.9.so
b7732000-b7733000 rwxp 00015000 08:05 1576643    /lib/libnsl-2.9.so
b7733000-b7735000 rwxp 00000000 00:00 0 
b7735000-b7740000 r-xp 00000000 08:05 9442090    /opt/sun-jdk/jre/lib/i386/libverify.so
b7740000-b7741000 rwxp 0000b000 08:05 9442090    /opt/sun-jdk/jre/lib/i386/libverify.so
b7741000-b7742000 rwxp 00000000 00:00 0 
b7742000-b7761000 r-xp 00000000 08:05 1576622    /lib/ld-2.9.so
b7761000-b7762000 r-xp 0001e000 08:05 1576622    /lib/ld-2.9.so
b7762000-b7763000 rwxp 0001f000 08:05 1576622    /lib/ld-2.9.so
bfead000-bfec2000 rwxp 00000000 00:00 0          [stack]
ffffe000-fffff000 r-xp 00000000 00:00 0          [vdso]

VM Arguments:
jvm_args: -Dfile.encoding=UTF-8 -Xbootclasspath:/home/ahmetcan/İndirilenler/android-sdk-linux_x86/platforms/android-8/android.jar 
java_command: com.example.evci.KayitOl
Launcher Type: SUN_STANDARD

Environment Variables:
JAVA_HOME=/opt/sun-jre
PATH=/usr/qt/4/bin:/usr/local/bin:/usr/local/sbin:/usr/bin:/usr/sbin:/bin:/sbin:/opt/bin:/opt/sun-jre/bin:/usr/kde/4/bin
LD_LIBRARY_PATH=/opt/sun-jdk/jre/lib/i386/server:/opt/sun-jdk/jre/lib/i386:/opt/sun-jdk/jre/../lib/i386:/opt/sun-jdk/jre/lib/i386/client:/opt/sun-jdk/jre/lib/i386:
SHELL=/bin/bash
DISPLAY=:0.0

Signal Handlers:
SIGSEGV: [libjvm.so+0x708f80], sa_mask[0]=0x7ffbfeff, sa_flags=0x10000004
SIGBUS: [libjvm.so+0x708f80], sa_mask[0]=0x7ffbfeff, sa_flags=0x10000004
SIGFPE: [libjvm.so+0x5c4100], sa_mask[0]=0x7ffbfeff, sa_flags=0x10000004
SIGPIPE: [libjvm.so+0x5c4100], sa_mask[0]=0x7ffbfeff, sa_flags=0x10000004
SIGXFSZ: [libjvm.so+0x5c4100], sa_mask[0]=0x7ffbfeff, sa_flags=0x10000004
SIGILL: [libjvm.so+0x5c4100], sa_mask[0]=0x7ffbfeff, sa_flags=0x10000004
SIGUSR1: SIG_DFL, sa_mask[0]=0x00000000, sa_flags=0x00000000
SIGUSR2: [libjvm.so+0x5c70e0], sa_mask[0]=0x00000004, sa_flags=0x10000004
SIGHUP: SIG_DFL, sa_mask[0]=0x00000000, sa_flags=0x00000000
SIGINT: SIG_DFL, sa_mask[0]=0x00000000, sa_flags=0x00000000
SIGTERM: SIG_DFL, sa_mask[0]=0x00000000, sa_flags=0x00000000
SIGQUIT: SIG_DFL, sa_mask[0]=0x00000000, sa_flags=0x00000000


---------------  S Y S T E M  ---------------

OS:Linux
uname:Linux 2.6.31.14-132 #1 SMP Thu Dec 16 15:55:32 EET 2010 i686
libc:glibc 2.9 NPTL 2.9 
rlimit: STACK 8192k, CORE 0k, NPROC 24155, NOFILE 1024, AS infinity
load average:1.09 0.58 0.41

/proc/meminfo:
MemTotal:        3097532 kB
MemFree:         1248912 kB
Buffers:           90200 kB
Cached:           706864 kB
SwapCached:            0 kB
Active:          1227304 kB
Inactive:         522992 kB
Active(anon):     956388 kB
Inactive(anon):       40 kB
Active(file):     270916 kB
Inactive(file):   522952 kB
Unevictable:           0 kB
Mlocked:               0 kB
HighTotal:       2240008 kB
HighFree:         561348 kB
LowTotal:         857524 kB
LowFree:          687564 kB
SwapTotal:        307192 kB
SwapFree:         307192 kB
Dirty:               644 kB
Writeback:             0 kB
AnonPages:        953232 kB
Mapped:           150416 kB
Slab:              59676 kB
SReclaimable:      45216 kB
SUnreclaim:        14460 kB
PageTables:         5432 kB
NFS_Unstable:          0 kB
Bounce:                0 kB
WritebackTmp:          0 kB
CommitLimit:     1855956 kB
Committed_AS:    2107384 kB
VmallocTotal:     122880 kB
VmallocUsed:       49312 kB
VmallocChunk:      44532 kB
HugePages_Total:       0
HugePages_Free:        0
HugePages_Rsvd:        0
HugePages_Surp:        0
Hugepagesize:       4096 kB
DirectMap4k:       40952 kB
DirectMap4M:      864256 kB


CPU:total 2 (2 cores per cpu, 1 threads per core) family 6 model 23 stepping 10, cmov, cx8, fxsr, mmx, sse, sse2, sse3, ssse3, sse4.1

Memory: 4k page, physical 3097532k(1248912k free), swap 307192k(307192k free)

vm_info: Java HotSpot(TM) Server VM (19.1-b02) for linux-x86 JRE (1.6.0_24-b07), built on Feb  2 2011 16:51:52 by "java_re" with gcc 3.2.1-7a (J2SE release)

time: Tue Mar 22 21:05:51 2011
elapsed time: 0 seconds

