#
# A fatal error has been detected by the Java Runtime Environment:
#
#  Internal Error (classFileParser.cpp:3375), pid=27908, tid=3064044432
#  Error: ShouldNotReachHere()
#
# JRE version: 6.0_24-b07
# Java VM: Java HotSpot(TM) Server VM (19.1-b02 mixed mode linux-x86 )
# If you would like to submit a bug report, please visit:
#   http://java.sun.com/webapps/bugreport/crash.jsp
#

---------------  T H R E A D  ---------------

Current thread (0x0858ec00):  JavaThread "Unknown thread" [_thread_in_vm, id=27910, stack(0xb69c9000,0xb6a1a000)]

Stack: [0xb69c9000,0xb6a1a000],  sp=0xb6a187f0,  free space=317k
Native frames: (J=compiled Java code, j=interpreted, Vv=VM code, C=native code)
V  [libjvm.so+0x708370]
V  [libjvm.so+0x2e8b5f]
V  [libjvm.so+0x28167a]
V  [libjvm.so+0x287711]
V  [libjvm.so+0x699342]
V  [libjvm.so+0x6973de]
V  [libjvm.so+0x6961a6]
V  [libjvm.so+0x695e10]
V  [libjvm.so+0x69ac2a]
V  [libjvm.so+0x69acbc]
V  [libjvm.so+0x69ad80]
V  [libjvm.so+0x69ab69]
V  [libjvm.so+0x6e0aba]
V  [libjvm.so+0x6e217f]
V  [libjvm.so+0x3a94f8]
V  [libjvm.so+0x6c9c8d]
V  [libjvm.so+0x4025f6]
C  [java+0x305c]
C  [java+0x1942]  JavaMain+0x72


---------------  P R O C E S S  ---------------

Java Threads: ( => current thread )

Other Threads:

=>0x0858ec00 (exited) JavaThread "Unknown thread" [_thread_in_vm, id=27910, stack(0xb69c9000,0xb6a1a000)]

VM state:not at safepoint (not fully initialized)

VM Mutex/Monitor currently owned by a thread: None

Dynamic libraries:
08048000-08052000 r-xp 00000000 08:05 9442075    /opt/sun-jdk/jre/bin/java
08052000-08053000 rwxp 00009000 08:05 9442075    /opt/sun-jdk/jre/bin/java
08589000-085ee000 rwxp 00000000 00:00 0          [heap]
7fe60000-7fec5000 r-xs 004cb000 08:05 9962130    /home/ahmetcan/İndirilenler/android-sdk-linux_x86/platforms/android-8/android.jar
7fec5000-7fec6000 ---p 00000000 00:00 0 
7fec6000-7ff46000 rwxp 00000000 00:00 0 
7ff46000-7ff47000 ---p 00000000 00:00 0 
7ff47000-7ffcf000 rwxp 00000000 00:00 0 
7ffcf000-7ffe7000 rwxp 00000000 00:00 0 
7ffe7000-7fff7000 rwxp 00000000 00:00 0 
7fff7000-800e4000 rwxp 00000000 00:00 0 
800e4000-800ec000 rwxp 00000000 00:00 0 
800ec000-80104000 rwxp 00000000 00:00 0 
80104000-80114000 rwxp 00000000 00:00 0 
80114000-80200000 rwxp 00000000 00:00 0 
80200000-80209000 rwxp 00000000 00:00 0 
80209000-8027f000 rwxp 00000000 00:00 0 
8027f000-81280000 rwxp 00000000 00:00 0 
81280000-84280000 rwxp 00000000 00:00 0 
84280000-86210000 rwxp 00000000 00:00 0 
86210000-a3be0000 rwxp 00000000 00:00 0 
a3be0000-a4ba0000 rwxp 00000000 00:00 0 
a4ba0000-b3880000 rwxp 00000000 00:00 0 
b3889000-b3892000 rwxp 00000000 00:00 0 
b3892000-b3949000 rwxp 00000000 00:00 0 
b3949000-b3b89000 rwxp 00000000 00:00 0 
b3b89000-b6949000 rwxp 00000000 00:00 0 
b6949000-b6953000 r-xp 00000000 08:05 1576646    /lib/libnss_files-2.9.so
b6953000-b6954000 r-xp 00009000 08:05 1576646    /lib/libnss_files-2.9.so
b6954000-b6955000 rwxp 0000a000 08:05 1576646    /lib/libnss_files-2.9.so
b6955000-b695e000 r-xp 00000000 08:05 1576647    /lib/libnss_nis-2.9.so
b695e000-b695f000 r-xp 00008000 08:05 1576647    /lib/libnss_nis-2.9.so
b695f000-b6960000 rwxp 00009000 08:05 1576647    /lib/libnss_nis-2.9.so
b6960000-b6967000 r-xp 00000000 08:05 1576644    /lib/libnss_compat-2.9.so
b6967000-b6968000 r-xp 00006000 08:05 1576644    /lib/libnss_compat-2.9.so
b6968000-b6969000 rwxp 00007000 08:05 1576644    /lib/libnss_compat-2.9.so
b697b000-b698a000 r-xp 00000000 08:05 9442091    /opt/sun-jdk/jre/lib/i386/libzip.so
b698a000-b698c000 rwxp 0000e000 08:05 9442091    /opt/sun-jdk/jre/lib/i386/libzip.so
b698c000-b6994000 rwxs 00000000 08:05 6948025    /tmp/hsperfdata_ahmetcan/27908
b6994000-b699a000 r-xp 00000000 08:05 9440896    /opt/sun-jdk/jre/lib/i386/native_threads/libhpi.so
b699a000-b699b000 rwxp 00006000 08:05 9440896    /opt/sun-jdk/jre/lib/i386/native_threads/libhpi.so
b699b000-b69be000 r-xp 00000000 08:05 9442085    /opt/sun-jdk/jre/lib/i386/libjava.so
b69be000-b69c0000 rwxp 00023000 08:05 9442085    /opt/sun-jdk/jre/lib/i386/libjava.so
b69c0000-b69c7000 r-xp 00000000 08:05 1576650    /lib/librt-2.9.so
b69c7000-b69c8000 r-xp 00006000 08:05 1576650    /lib/librt-2.9.so
b69c8000-b69c9000 rwxp 00007000 08:05 1576650    /lib/librt-2.9.so
b69c9000-b69cc000 ---p 00000000 00:00 0 
b69cc000-b6a1a000 rwxp 00000000 00:00 0 
b6a1a000-b6a3f000 r-xp 00000000 08:05 1576642    /lib/libm-2.9.so
b6a3f000-b6a40000 r-xp 00024000 08:05 1576642    /lib/libm-2.9.so
b6a40000-b6a41000 rwxp 00025000 08:05 1576642    /lib/libm-2.9.so
b6a41000-b71ce000 r-xp 00000000 08:05 9442093    /opt/sun-jdk/jre/lib/i386/server/libjvm.so
b71ce000-b7221000 rwxp 0078d000 08:05 9442093    /opt/sun-jdk/jre/lib/i386/server/libjvm.so
b7221000-b7640000 rwxp 00000000 00:00 0 
b7640000-b77a0000 r-xp 00000000 08:05 1576639    /lib/libc-2.9.so
b77a0000-b77a2000 r-xp 0015f000 08:05 1576639    /lib/libc-2.9.so
b77a2000-b77a3000 rwxp 00161000 08:05 1576639    /lib/libc-2.9.so
b77a3000-b77a6000 rwxp 00000000 00:00 0 
b77a6000-b77a8000 r-xp 00000000 08:05 1576641    /lib/libdl-2.9.so
b77a8000-b77a9000 r-xp 00001000 08:05 1576641    /lib/libdl-2.9.so
b77a9000-b77aa000 rwxp 00002000 08:05 1576641    /lib/libdl-2.9.so
b77aa000-b77ab000 rwxp 00000000 00:00 0 
b77ab000-b77b2000 r-xp 00000000 08:05 9440851    /opt/sun-jdk/jre/lib/i386/jli/libjli.so
b77b2000-b77b4000 rwxp 00006000 08:05 9440851    /opt/sun-jdk/jre/lib/i386/jli/libjli.so
b77b4000-b77c9000 r-xp 00000000 08:05 1576648    /lib/libpthread-2.9.so
b77c9000-b77ca000 r-xp 00014000 08:05 1576648    /lib/libpthread-2.9.so
b77ca000-b77cb000 rwxp 00015000 08:05 1576648    /lib/libpthread-2.9.so
b77cb000-b77cd000 rwxp 00000000 00:00 0 
b77d1000-b77d2000 rwxp 00000000 00:00 0 
b77d2000-b77d3000 r-xp 00000000 00:00 0 
b77d3000-b77e8000 r-xp 00000000 08:05 1576643    /lib/libnsl-2.9.so
b77e8000-b77e9000 r-xp 00014000 08:05 1576643    /lib/libnsl-2.9.so
b77e9000-b77ea000 rwxp 00015000 08:05 1576643    /lib/libnsl-2.9.so
b77ea000-b77ec000 rwxp 00000000 00:00 0 
b77ec000-b77f7000 r-xp 00000000 08:05 9442090    /opt/sun-jdk/jre/lib/i386/libverify.so
b77f7000-b77f8000 rwxp 0000b000 08:05 9442090    /opt/sun-jdk/jre/lib/i386/libverify.so
b77f8000-b77f9000 rwxp 00000000 00:00 0 
b77f9000-b7818000 r-xp 00000000 08:05 1576622    /lib/ld-2.9.so
b7818000-b7819000 r-xp 0001e000 08:05 1576622    /lib/ld-2.9.so
b7819000-b781a000 rwxp 0001f000 08:05 1576622    /lib/ld-2.9.so
bfe67000-bfe7c000 rwxp 00000000 00:00 0          [stack]
ffffe000-fffff000 r-xp 00000000 00:00 0          [vdso]

VM Arguments:
jvm_args: -Dfile.encoding=UTF-8 -Xbootclasspath:/home/ahmetcan/İndirilenler/android-sdk-linux_x86/platforms/android-8/android.jar 
java_command: com.example.evci.KayitOl
Launcher Type: SUN_STANDARD

Environment Variables:
JAVA_HOME=/opt/sun-jre
PATH=/usr/qt/4/bin:/usr/local/bin:/usr/local/sbin:/usr/bin:/usr/sbin:/bin:/sbin:/opt/bin:/opt/sun-jre/bin:/usr/kde/4/bin
LD_LIBRARY_PATH=/opt/sun-jdk/jre/lib/i386/server:/opt/sun-jdk/jre/lib/i386:/opt/sun-jdk/jre/../lib/i386:/opt/sun-jdk/jre/lib/i386/client:/opt/sun-jdk/jre/lib/i386:
SHELL=/bin/bash
DISPLAY=:0.0

Signal Handlers:
SIGSEGV: [libjvm.so+0x708f80], sa_mask[0]=0x7ffbfeff, sa_flags=0x10000004
SIGBUS: [libjvm.so+0x708f80], sa_mask[0]=0x7ffbfeff, sa_flags=0x10000004
SIGFPE: [libjvm.so+0x5c4100], sa_mask[0]=0x7ffbfeff, sa_flags=0x10000004
SIGPIPE: [libjvm.so+0x5c4100], sa_mask[0]=0x7ffbfeff, sa_flags=0x10000004
SIGXFSZ: [libjvm.so+0x5c4100], sa_mask[0]=0x7ffbfeff, sa_flags=0x10000004
SIGILL: [libjvm.so+0x5c4100], sa_mask[0]=0x7ffbfeff, sa_flags=0x10000004
SIGUSR1: SIG_DFL, sa_mask[0]=0x00000000, sa_flags=0x00000000
SIGUSR2: [libjvm.so+0x5c70e0], sa_mask[0]=0x00000004, sa_flags=0x10000004
SIGHUP: SIG_DFL, sa_mask[0]=0x00000000, sa_flags=0x00000000
SIGINT: SIG_DFL, sa_mask[0]=0x00000000, sa_flags=0x00000000
SIGTERM: SIG_DFL, sa_mask[0]=0x00000000, sa_flags=0x00000000
SIGQUIT: SIG_DFL, sa_mask[0]=0x00000000, sa_flags=0x00000000


---------------  S Y S T E M  ---------------

OS:Linux
uname:Linux 2.6.31.14-132 #1 SMP Thu Dec 16 15:55:32 EET 2010 i686
libc:glibc 2.9 NPTL 2.9 
rlimit: STACK 8192k, CORE 0k, NPROC 24155, NOFILE 1024, AS infinity
load average:0.51 0.61 0.55

/proc/meminfo:
MemTotal:        3097532 kB
MemFree:          235844 kB
Buffers:           80816 kB
Cached:          1459944 kB
SwapCached:            0 kB
Active:          1907912 kB
Inactive:         831336 kB
Active(anon):    1130544 kB
Inactive(anon):    73184 kB
Active(file):     777368 kB
Inactive(file):   758152 kB
Unevictable:           0 kB
Mlocked:               0 kB
HighTotal:       2240008 kB
HighFree:           2852 kB
LowTotal:         857524 kB
LowFree:          232992 kB
SwapTotal:        307192 kB
SwapFree:         307192 kB
Dirty:               308 kB
Writeback:             0 kB
AnonPages:       1198508 kB
Mapped:           168252 kB
Slab:              78312 kB
SReclaimable:      62600 kB
SUnreclaim:        15712 kB
PageTables:         5908 kB
NFS_Unstable:          0 kB
Bounce:                0 kB
WritebackTmp:          0 kB
CommitLimit:     1855956 kB
Committed_AS:    2668484 kB
VmallocTotal:     122880 kB
VmallocUsed:       49328 kB
VmallocChunk:      39924 kB
HugePages_Total:       0
HugePages_Free:        0
HugePages_Rsvd:        0
HugePages_Surp:        0
Hugepagesize:       4096 kB
DirectMap4k:       65528 kB
DirectMap4M:      839680 kB


CPU:total 2 (2 cores per cpu, 1 threads per core) family 6 model 23 stepping 10, cmov, cx8, fxsr, mmx, sse, sse2, sse3, ssse3, sse4.1

Memory: 4k page, physical 3097532k(235844k free), swap 307192k(307192k free)

vm_info: Java HotSpot(TM) Server VM (19.1-b02) for linux-x86 JRE (1.6.0_24-b07), built on Feb  2 2011 16:51:52 by "java_re" with gcc 3.2.1-7a (J2SE release)

time: Mon Mar 21 00:32:22 2011
elapsed time: 0 seconds

