#
# A fatal error has been detected by the Java Runtime Environment:
#
#  Internal Error (classFileParser.cpp:3375), pid=27530, tid=3063286672
#  Error: ShouldNotReachHere()
#
# JRE version: 6.0_24-b07
# Java VM: Java HotSpot(TM) Server VM (19.1-b02 mixed mode linux-x86 )
# If you would like to submit a bug report, please visit:
#   http://java.sun.com/webapps/bugreport/crash.jsp
#

---------------  T H R E A D  ---------------

Current thread (0x083f5c00):  JavaThread "Unknown thread" [_thread_in_vm, id=27532, stack(0xb6910000,0xb6961000)]

Stack: [0xb6910000,0xb6961000],  sp=0xb695f7f0,  free space=317k
Native frames: (J=compiled Java code, j=interpreted, Vv=VM code, C=native code)
V  [libjvm.so+0x708370]
V  [libjvm.so+0x2e8b5f]
V  [libjvm.so+0x28167a]
V  [libjvm.so+0x287711]
V  [libjvm.so+0x699342]
V  [libjvm.so+0x6973de]
V  [libjvm.so+0x6961a6]
V  [libjvm.so+0x695e10]
V  [libjvm.so+0x69ac2a]
V  [libjvm.so+0x69acbc]
V  [libjvm.so+0x69ad80]
V  [libjvm.so+0x69ab69]
V  [libjvm.so+0x6e0aba]
V  [libjvm.so+0x6e217f]
V  [libjvm.so+0x3a94f8]
V  [libjvm.so+0x6c9c8d]
V  [libjvm.so+0x4025f6]
C  [java+0x305c]
C  [java+0x1942]  JavaMain+0x72


---------------  P R O C E S S  ---------------

Java Threads: ( => current thread )

Other Threads:

=>0x083f5c00 (exited) JavaThread "Unknown thread" [_thread_in_vm, id=27532, stack(0xb6910000,0xb6961000)]

VM state:not at safepoint (not fully initialized)

VM Mutex/Monitor currently owned by a thread: None

Dynamic libraries:
08048000-08052000 r-xp 00000000 08:05 9442075    /opt/sun-jdk/jre/bin/java
08052000-08053000 rwxp 00009000 08:05 9442075    /opt/sun-jdk/jre/bin/java
083f0000-08455000 rwxp 00000000 00:00 0          [heap]
7fdb0000-7fe15000 r-xs 004cb000 08:05 9962130    /home/ahmetcan/İndirilenler/android-sdk-linux_x86/platforms/android-8/android.jar
7fe15000-7fe16000 ---p 00000000 00:00 0 
7fe16000-7fe96000 rwxp 00000000 00:00 0 
7fe96000-7fe97000 ---p 00000000 00:00 0 
7fe97000-7ff1f000 rwxp 00000000 00:00 0 
7ff1f000-7ff37000 rwxp 00000000 00:00 0 
7ff37000-7ff47000 rwxp 00000000 00:00 0 
7ff47000-80034000 rwxp 00000000 00:00 0 
80034000-8003c000 rwxp 00000000 00:00 0 
8003c000-80054000 rwxp 00000000 00:00 0 
80054000-80064000 rwxp 00000000 00:00 0 
80064000-80150000 rwxp 00000000 00:00 0 
80150000-80159000 rwxp 00000000 00:00 0 
80159000-801cf000 rwxp 00000000 00:00 0 
801cf000-811d0000 rwxp 00000000 00:00 0 
811d0000-841d0000 rwxp 00000000 00:00 0 
841d0000-86160000 rwxp 00000000 00:00 0 
86160000-a3b30000 rwxp 00000000 00:00 0 
a3b30000-a4af0000 rwxp 00000000 00:00 0 
a4af0000-b37d0000 rwxp 00000000 00:00 0 
b37d0000-b37d9000 rwxp 00000000 00:00 0 
b37d9000-b3890000 rwxp 00000000 00:00 0 
b3890000-b3ad0000 rwxp 00000000 00:00 0 
b3ad0000-b6890000 rwxp 00000000 00:00 0 
b6890000-b689a000 r-xp 00000000 08:05 1576646    /lib/libnss_files-2.9.so
b689a000-b689b000 r-xp 00009000 08:05 1576646    /lib/libnss_files-2.9.so
b689b000-b689c000 rwxp 0000a000 08:05 1576646    /lib/libnss_files-2.9.so
b689c000-b68a5000 r-xp 00000000 08:05 1576647    /lib/libnss_nis-2.9.so
b68a5000-b68a6000 r-xp 00008000 08:05 1576647    /lib/libnss_nis-2.9.so
b68a6000-b68a7000 rwxp 00009000 08:05 1576647    /lib/libnss_nis-2.9.so
b68a7000-b68ae000 r-xp 00000000 08:05 1576644    /lib/libnss_compat-2.9.so
b68ae000-b68af000 r-xp 00006000 08:05 1576644    /lib/libnss_compat-2.9.so
b68af000-b68b0000 rwxp 00007000 08:05 1576644    /lib/libnss_compat-2.9.so
b68c2000-b68d1000 r-xp 00000000 08:05 9442091    /opt/sun-jdk/jre/lib/i386/libzip.so
b68d1000-b68d3000 rwxp 0000e000 08:05 9442091    /opt/sun-jdk/jre/lib/i386/libzip.so
b68d3000-b68db000 rwxs 00000000 08:05 6948025    /tmp/hsperfdata_ahmetcan/27530
b68db000-b68e1000 r-xp 00000000 08:05 9440896    /opt/sun-jdk/jre/lib/i386/native_threads/libhpi.so
b68e1000-b68e2000 rwxp 00006000 08:05 9440896    /opt/sun-jdk/jre/lib/i386/native_threads/libhpi.so
b68e2000-b6905000 r-xp 00000000 08:05 9442085    /opt/sun-jdk/jre/lib/i386/libjava.so
b6905000-b6907000 rwxp 00023000 08:05 9442085    /opt/sun-jdk/jre/lib/i386/libjava.so
b6907000-b690e000 r-xp 00000000 08:05 1576650    /lib/librt-2.9.so
b690e000-b690f000 r-xp 00006000 08:05 1576650    /lib/librt-2.9.so
b690f000-b6910000 rwxp 00007000 08:05 1576650    /lib/librt-2.9.so
b6910000-b6913000 ---p 00000000 00:00 0 
b6913000-b6961000 rwxp 00000000 00:00 0 
b6961000-b6986000 r-xp 00000000 08:05 1576642    /lib/libm-2.9.so
b6986000-b6987000 r-xp 00024000 08:05 1576642    /lib/libm-2.9.so
b6987000-b6988000 rwxp 00025000 08:05 1576642    /lib/libm-2.9.so
b6988000-b7115000 r-xp 00000000 08:05 9442093    /opt/sun-jdk/jre/lib/i386/server/libjvm.so
b7115000-b7168000 rwxp 0078d000 08:05 9442093    /opt/sun-jdk/jre/lib/i386/server/libjvm.so
b7168000-b7587000 rwxp 00000000 00:00 0 
b7587000-b76e7000 r-xp 00000000 08:05 1576639    /lib/libc-2.9.so
b76e7000-b76e9000 r-xp 0015f000 08:05 1576639    /lib/libc-2.9.so
b76e9000-b76ea000 rwxp 00161000 08:05 1576639    /lib/libc-2.9.so
b76ea000-b76ed000 rwxp 00000000 00:00 0 
b76ed000-b76ef000 r-xp 00000000 08:05 1576641    /lib/libdl-2.9.so
b76ef000-b76f0000 r-xp 00001000 08:05 1576641    /lib/libdl-2.9.so
b76f0000-b76f1000 rwxp 00002000 08:05 1576641    /lib/libdl-2.9.so
b76f1000-b76f2000 rwxp 00000000 00:00 0 
b76f2000-b76f9000 r-xp 00000000 08:05 9440851    /opt/sun-jdk/jre/lib/i386/jli/libjli.so
b76f9000-b76fb000 rwxp 00006000 08:05 9440851    /opt/sun-jdk/jre/lib/i386/jli/libjli.so
b76fb000-b7710000 r-xp 00000000 08:05 1576648    /lib/libpthread-2.9.so
b7710000-b7711000 r-xp 00014000 08:05 1576648    /lib/libpthread-2.9.so
b7711000-b7712000 rwxp 00015000 08:05 1576648    /lib/libpthread-2.9.so
b7712000-b7714000 rwxp 00000000 00:00 0 
b7718000-b7719000 rwxp 00000000 00:00 0 
b7719000-b771a000 r-xp 00000000 00:00 0 
b771a000-b772f000 r-xp 00000000 08:05 1576643    /lib/libnsl-2.9.so
b772f000-b7730000 r-xp 00014000 08:05 1576643    /lib/libnsl-2.9.so
b7730000-b7731000 rwxp 00015000 08:05 1576643    /lib/libnsl-2.9.so
b7731000-b7733000 rwxp 00000000 00:00 0 
b7733000-b773e000 r-xp 00000000 08:05 9442090    /opt/sun-jdk/jre/lib/i386/libverify.so
b773e000-b773f000 rwxp 0000b000 08:05 9442090    /opt/sun-jdk/jre/lib/i386/libverify.so
b773f000-b7740000 rwxp 00000000 00:00 0 
b7740000-b775f000 r-xp 00000000 08:05 1576622    /lib/ld-2.9.so
b775f000-b7760000 r-xp 0001e000 08:05 1576622    /lib/ld-2.9.so
b7760000-b7761000 rwxp 0001f000 08:05 1576622    /lib/ld-2.9.so
bf971000-bf986000 rwxp 00000000 00:00 0          [stack]
ffffe000-fffff000 r-xp 00000000 00:00 0          [vdso]

VM Arguments:
jvm_args: -Dfile.encoding=UTF-8 -Xbootclasspath:/home/ahmetcan/İndirilenler/android-sdk-linux_x86/platforms/android-8/android.jar 
java_command: com.example.evci.KayitOl
Launcher Type: SUN_STANDARD

Environment Variables:
JAVA_HOME=/opt/sun-jre
PATH=/usr/qt/4/bin:/usr/local/bin:/usr/local/sbin:/usr/bin:/usr/sbin:/bin:/sbin:/opt/bin:/opt/sun-jre/bin:/usr/kde/4/bin
LD_LIBRARY_PATH=/opt/sun-jdk/jre/lib/i386/server:/opt/sun-jdk/jre/lib/i386:/opt/sun-jdk/jre/../lib/i386:/opt/sun-jdk/jre/lib/i386/client:/opt/sun-jdk/jre/lib/i386:
SHELL=/bin/bash
DISPLAY=:0.0

Signal Handlers:
SIGSEGV: [libjvm.so+0x708f80], sa_mask[0]=0x7ffbfeff, sa_flags=0x10000004
SIGBUS: [libjvm.so+0x708f80], sa_mask[0]=0x7ffbfeff, sa_flags=0x10000004
SIGFPE: [libjvm.so+0x5c4100], sa_mask[0]=0x7ffbfeff, sa_flags=0x10000004
SIGPIPE: [libjvm.so+0x5c4100], sa_mask[0]=0x7ffbfeff, sa_flags=0x10000004
SIGXFSZ: [libjvm.so+0x5c4100], sa_mask[0]=0x7ffbfeff, sa_flags=0x10000004
SIGILL: [libjvm.so+0x5c4100], sa_mask[0]=0x7ffbfeff, sa_flags=0x10000004
SIGUSR1: SIG_DFL, sa_mask[0]=0x00000000, sa_flags=0x00000000
SIGUSR2: [libjvm.so+0x5c70e0], sa_mask[0]=0x00000004, sa_flags=0x10000004
SIGHUP: SIG_DFL, sa_mask[0]=0x00000000, sa_flags=0x00000000
SIGINT: SIG_DFL, sa_mask[0]=0x00000000, sa_flags=0x00000000
SIGTERM: SIG_DFL, sa_mask[0]=0x00000000, sa_flags=0x00000000
SIGQUIT: SIG_DFL, sa_mask[0]=0x00000000, sa_flags=0x00000000


---------------  S Y S T E M  ---------------

OS:Linux
uname:Linux 2.6.31.14-132 #1 SMP Thu Dec 16 15:55:32 EET 2010 i686
libc:glibc 2.9 NPTL 2.9 
rlimit: STACK 8192k, CORE 0k, NPROC 24155, NOFILE 1024, AS infinity
load average:1.37 0.92 0.62

/proc/meminfo:
MemTotal:        3097532 kB
MemFree:          267868 kB
Buffers:           80568 kB
Cached:          1459860 kB
SwapCached:            0 kB
Active:          1874864 kB
Inactive:         832664 kB
Active(anon):    1098972 kB
Inactive(anon):    73368 kB
Active(file):     775892 kB
Inactive(file):   759296 kB
Unevictable:           0 kB
Mlocked:               0 kB
HighTotal:       2240008 kB
HighFree:           2852 kB
LowTotal:         857524 kB
LowFree:          265016 kB
SwapTotal:        307192 kB
SwapFree:         307192 kB
Dirty:              1244 kB
Writeback:             0 kB
AnonPages:       1167104 kB
Mapped:           168620 kB
Slab:              78308 kB
SReclaimable:      62592 kB
SUnreclaim:        15716 kB
PageTables:         5960 kB
NFS_Unstable:          0 kB
Bounce:                0 kB
WritebackTmp:          0 kB
CommitLimit:     1855956 kB
Committed_AS:    2674040 kB
VmallocTotal:     122880 kB
VmallocUsed:       49328 kB
VmallocChunk:      39924 kB
HugePages_Total:       0
HugePages_Free:        0
HugePages_Rsvd:        0
HugePages_Surp:        0
Hugepagesize:       4096 kB
DirectMap4k:       65528 kB
DirectMap4M:      839680 kB


CPU:total 2 (2 cores per cpu, 1 threads per core) family 6 model 23 stepping 10, cmov, cx8, fxsr, mmx, sse, sse2, sse3, ssse3, sse4.1

Memory: 4k page, physical 3097532k(267868k free), swap 307192k(307192k free)

vm_info: Java HotSpot(TM) Server VM (19.1-b02) for linux-x86 JRE (1.6.0_24-b07), built on Feb  2 2011 16:51:52 by "java_re" with gcc 3.2.1-7a (J2SE release)

time: Mon Mar 21 00:28:39 2011
elapsed time: 0 seconds

