#
# A fatal error has been detected by the Java Runtime Environment:
#
#  Internal Error (classFileParser.cpp:3375), pid=9775, tid=3063753616
#  Error: ShouldNotReachHere()
#
# JRE version: 6.0_24-b07
# Java VM: Java HotSpot(TM) Server VM (19.1-b02 mixed mode linux-x86 )
# If you would like to submit a bug report, please visit:
#   http://java.sun.com/webapps/bugreport/crash.jsp
#

---------------  T H R E A D  ---------------

Current thread (0x08a2bc00):  JavaThread "Unknown thread" [_thread_in_vm, id=9777, stack(0xb6982000,0xb69d3000)]

Stack: [0xb6982000,0xb69d3000],  sp=0xb69d17f0,  free space=317k
Native frames: (J=compiled Java code, j=interpreted, Vv=VM code, C=native code)
V  [libjvm.so+0x708370]
V  [libjvm.so+0x2e8b5f]
V  [libjvm.so+0x28167a]
V  [libjvm.so+0x287711]
V  [libjvm.so+0x699342]
V  [libjvm.so+0x6973de]
V  [libjvm.so+0x6961a6]
V  [libjvm.so+0x695e10]
V  [libjvm.so+0x69ac2a]
V  [libjvm.so+0x69acbc]
V  [libjvm.so+0x69ad80]
V  [libjvm.so+0x69ab69]
V  [libjvm.so+0x6e0aba]
V  [libjvm.so+0x6e217f]
V  [libjvm.so+0x3a94f8]
V  [libjvm.so+0x6c9c8d]
V  [libjvm.so+0x4025f6]
C  [java+0x305c]
C  [java+0x1942]  JavaMain+0x72


---------------  P R O C E S S  ---------------

Java Threads: ( => current thread )

Other Threads:

=>0x08a2bc00 (exited) JavaThread "Unknown thread" [_thread_in_vm, id=9777, stack(0xb6982000,0xb69d3000)]

VM state:not at safepoint (not fully initialized)

VM Mutex/Monitor currently owned by a thread: None

Dynamic libraries:
08048000-08052000 r-xp 00000000 08:05 9442075    /opt/sun-jdk/jre/bin/java
08052000-08053000 rwxp 00009000 08:05 9442075    /opt/sun-jdk/jre/bin/java
08a26000-08a8b000 rwxp 00000000 00:00 0          [heap]
7fe20000-7fe85000 r-xs 004cb000 08:05 9962130    /home/ahmetcan/İndirilenler/android-sdk-linux_x86/platforms/android-8/android.jar
7fe85000-7fe86000 ---p 00000000 00:00 0 
7fe86000-7ff06000 rwxp 00000000 00:00 0 
7ff06000-7ff07000 ---p 00000000 00:00 0 
7ff07000-7ff8f000 rwxp 00000000 00:00 0 
7ff8f000-7ffa7000 rwxp 00000000 00:00 0 
7ffa7000-7ffb7000 rwxp 00000000 00:00 0 
7ffb7000-800a4000 rwxp 00000000 00:00 0 
800a4000-800ac000 rwxp 00000000 00:00 0 
800ac000-800c4000 rwxp 00000000 00:00 0 
800c4000-800d4000 rwxp 00000000 00:00 0 
800d4000-801c0000 rwxp 00000000 00:00 0 
801c0000-801c9000 rwxp 00000000 00:00 0 
801c9000-8023f000 rwxp 00000000 00:00 0 
8023f000-81240000 rwxp 00000000 00:00 0 
81240000-84240000 rwxp 00000000 00:00 0 
84240000-861d0000 rwxp 00000000 00:00 0 
861d0000-a3ba0000 rwxp 00000000 00:00 0 
a3ba0000-a4b60000 rwxp 00000000 00:00 0 
a4b60000-b3840000 rwxp 00000000 00:00 0 
b3842000-b384b000 rwxp 00000000 00:00 0 
b384b000-b3902000 rwxp 00000000 00:00 0 
b3902000-b3b42000 rwxp 00000000 00:00 0 
b3b42000-b6902000 rwxp 00000000 00:00 0 
b6902000-b690c000 r-xp 00000000 08:05 1576646    /lib/libnss_files-2.9.so
b690c000-b690d000 r-xp 00009000 08:05 1576646    /lib/libnss_files-2.9.so
b690d000-b690e000 rwxp 0000a000 08:05 1576646    /lib/libnss_files-2.9.so
b690e000-b6917000 r-xp 00000000 08:05 1576647    /lib/libnss_nis-2.9.so
b6917000-b6918000 r-xp 00008000 08:05 1576647    /lib/libnss_nis-2.9.so
b6918000-b6919000 rwxp 00009000 08:05 1576647    /lib/libnss_nis-2.9.so
b6919000-b6920000 r-xp 00000000 08:05 1576644    /lib/libnss_compat-2.9.so
b6920000-b6921000 r-xp 00006000 08:05 1576644    /lib/libnss_compat-2.9.so
b6921000-b6922000 rwxp 00007000 08:05 1576644    /lib/libnss_compat-2.9.so
b6934000-b6943000 r-xp 00000000 08:05 9442091    /opt/sun-jdk/jre/lib/i386/libzip.so
b6943000-b6945000 rwxp 0000e000 08:05 9442091    /opt/sun-jdk/jre/lib/i386/libzip.so
b6945000-b694d000 rwxs 00000000 08:05 6948146    /tmp/hsperfdata_ahmetcan/9775
b694d000-b6953000 r-xp 00000000 08:05 9440896    /opt/sun-jdk/jre/lib/i386/native_threads/libhpi.so
b6953000-b6954000 rwxp 00006000 08:05 9440896    /opt/sun-jdk/jre/lib/i386/native_threads/libhpi.so
b6954000-b6977000 r-xp 00000000 08:05 9442085    /opt/sun-jdk/jre/lib/i386/libjava.so
b6977000-b6979000 rwxp 00023000 08:05 9442085    /opt/sun-jdk/jre/lib/i386/libjava.so
b6979000-b6980000 r-xp 00000000 08:05 1576650    /lib/librt-2.9.so
b6980000-b6981000 r-xp 00006000 08:05 1576650    /lib/librt-2.9.so
b6981000-b6982000 rwxp 00007000 08:05 1576650    /lib/librt-2.9.so
b6982000-b6985000 ---p 00000000 00:00 0 
b6985000-b69d3000 rwxp 00000000 00:00 0 
b69d3000-b69f8000 r-xp 00000000 08:05 1576642    /lib/libm-2.9.so
b69f8000-b69f9000 r-xp 00024000 08:05 1576642    /lib/libm-2.9.so
b69f9000-b69fa000 rwxp 00025000 08:05 1576642    /lib/libm-2.9.so
b69fa000-b7187000 r-xp 00000000 08:05 9442093    /opt/sun-jdk/jre/lib/i386/server/libjvm.so
b7187000-b71da000 rwxp 0078d000 08:05 9442093    /opt/sun-jdk/jre/lib/i386/server/libjvm.so
b71da000-b75f9000 rwxp 00000000 00:00 0 
b75f9000-b7759000 r-xp 00000000 08:05 1576639    /lib/libc-2.9.so
b7759000-b775b000 r-xp 0015f000 08:05 1576639    /lib/libc-2.9.so
b775b000-b775c000 rwxp 00161000 08:05 1576639    /lib/libc-2.9.so
b775c000-b775f000 rwxp 00000000 00:00 0 
b775f000-b7761000 r-xp 00000000 08:05 1576641    /lib/libdl-2.9.so
b7761000-b7762000 r-xp 00001000 08:05 1576641    /lib/libdl-2.9.so
b7762000-b7763000 rwxp 00002000 08:05 1576641    /lib/libdl-2.9.so
b7763000-b7764000 rwxp 00000000 00:00 0 
b7764000-b776b000 r-xp 00000000 08:05 9440851    /opt/sun-jdk/jre/lib/i386/jli/libjli.so
b776b000-b776d000 rwxp 00006000 08:05 9440851    /opt/sun-jdk/jre/lib/i386/jli/libjli.so
b776d000-b7782000 r-xp 00000000 08:05 1576648    /lib/libpthread-2.9.so
b7782000-b7783000 r-xp 00014000 08:05 1576648    /lib/libpthread-2.9.so
b7783000-b7784000 rwxp 00015000 08:05 1576648    /lib/libpthread-2.9.so
b7784000-b7786000 rwxp 00000000 00:00 0 
b778a000-b778b000 rwxp 00000000 00:00 0 
b778b000-b778c000 r-xp 00000000 00:00 0 
b778c000-b77a1000 r-xp 00000000 08:05 1576643    /lib/libnsl-2.9.so
b77a1000-b77a2000 r-xp 00014000 08:05 1576643    /lib/libnsl-2.9.so
b77a2000-b77a3000 rwxp 00015000 08:05 1576643    /lib/libnsl-2.9.so
b77a3000-b77a5000 rwxp 00000000 00:00 0 
b77a5000-b77b0000 r-xp 00000000 08:05 9442090    /opt/sun-jdk/jre/lib/i386/libverify.so
b77b0000-b77b1000 rwxp 0000b000 08:05 9442090    /opt/sun-jdk/jre/lib/i386/libverify.so
b77b1000-b77b2000 rwxp 00000000 00:00 0 
b77b2000-b77d1000 r-xp 00000000 08:05 1576622    /lib/ld-2.9.so
b77d1000-b77d2000 r-xp 0001e000 08:05 1576622    /lib/ld-2.9.so
b77d2000-b77d3000 rwxp 0001f000 08:05 1576622    /lib/ld-2.9.so
bf899000-bf8ae000 rwxp 00000000 00:00 0          [stack]
ffffe000-fffff000 r-xp 00000000 00:00 0          [vdso]

VM Arguments:
jvm_args: -Dfile.encoding=UTF-8 -Xbootclasspath:/home/ahmetcan/İndirilenler/android-sdk-linux_x86/platforms/android-8/android.jar 
java_command: com.example.evci.KayitOl
Launcher Type: SUN_STANDARD

Environment Variables:
JAVA_HOME=/opt/sun-jre
PATH=/usr/qt/4/bin:/usr/local/bin:/usr/local/sbin:/usr/bin:/usr/sbin:/bin:/sbin:/opt/bin:/opt/sun-jre/bin:/usr/kde/4/bin
LD_LIBRARY_PATH=/opt/sun-jdk/jre/lib/i386/server:/opt/sun-jdk/jre/lib/i386:/opt/sun-jdk/jre/../lib/i386:/opt/sun-jdk/jre/lib/i386/client:/opt/sun-jdk/jre/lib/i386:
SHELL=/bin/bash
DISPLAY=:0.0

Signal Handlers:
SIGSEGV: [libjvm.so+0x708f80], sa_mask[0]=0x7ffbfeff, sa_flags=0x10000004
SIGBUS: [libjvm.so+0x708f80], sa_mask[0]=0x7ffbfeff, sa_flags=0x10000004
SIGFPE: [libjvm.so+0x5c4100], sa_mask[0]=0x7ffbfeff, sa_flags=0x10000004
SIGPIPE: [libjvm.so+0x5c4100], sa_mask[0]=0x7ffbfeff, sa_flags=0x10000004
SIGXFSZ: [libjvm.so+0x5c4100], sa_mask[0]=0x7ffbfeff, sa_flags=0x10000004
SIGILL: [libjvm.so+0x5c4100], sa_mask[0]=0x7ffbfeff, sa_flags=0x10000004
SIGUSR1: SIG_DFL, sa_mask[0]=0x00000000, sa_flags=0x00000000
SIGUSR2: [libjvm.so+0x5c70e0], sa_mask[0]=0x00000004, sa_flags=0x10000004
SIGHUP: SIG_DFL, sa_mask[0]=0x00000000, sa_flags=0x00000000
SIGINT: SIG_DFL, sa_mask[0]=0x00000000, sa_flags=0x00000000
SIGTERM: SIG_DFL, sa_mask[0]=0x00000000, sa_flags=0x00000000
SIGQUIT: SIG_DFL, sa_mask[0]=0x00000000, sa_flags=0x00000000


---------------  S Y S T E M  ---------------

OS:Linux
uname:Linux 2.6.31.14-132 #1 SMP Thu Dec 16 15:55:32 EET 2010 i686
libc:glibc 2.9 NPTL 2.9 
rlimit: STACK 8192k, CORE 0k, NPROC 24155, NOFILE 1024, AS infinity
load average:1.10 0.57 0.41

/proc/meminfo:
MemTotal:        3097532 kB
MemFree:         1258436 kB
Buffers:           90200 kB
Cached:           705432 kB
SwapCached:            0 kB
Active:          1217572 kB
Inactive:         522960 kB
Active(anon):     948060 kB
Inactive(anon):       40 kB
Active(file):     269512 kB
Inactive(file):   522920 kB
Unevictable:           0 kB
Mlocked:               0 kB
HighTotal:       2240008 kB
HighFree:         571144 kB
LowTotal:         857524 kB
LowFree:          687292 kB
SwapTotal:        307192 kB
SwapFree:         307192 kB
Dirty:               564 kB
Writeback:             0 kB
AnonPages:        944932 kB
Mapped:           150404 kB
Slab:              59676 kB
SReclaimable:      45216 kB
SUnreclaim:        14460 kB
PageTables:         5420 kB
NFS_Unstable:          0 kB
Bounce:                0 kB
WritebackTmp:          0 kB
CommitLimit:     1855956 kB
Committed_AS:    2103624 kB
VmallocTotal:     122880 kB
VmallocUsed:       49312 kB
VmallocChunk:      44532 kB
HugePages_Total:       0
HugePages_Free:        0
HugePages_Rsvd:        0
HugePages_Surp:        0
Hugepagesize:       4096 kB
DirectMap4k:       40952 kB
DirectMap4M:      864256 kB


CPU:total 2 (2 cores per cpu, 1 threads per core) family 6 model 23 stepping 10, cmov, cx8, fxsr, mmx, sse, sse2, sse3, ssse3, sse4.1

Memory: 4k page, physical 3097532k(1258312k free), swap 307192k(307192k free)

vm_info: Java HotSpot(TM) Server VM (19.1-b02) for linux-x86 JRE (1.6.0_24-b07), built on Feb  2 2011 16:51:52 by "java_re" with gcc 3.2.1-7a (J2SE release)

time: Tue Mar 22 21:05:48 2011
elapsed time: 0 seconds

