#
# A fatal error has been detected by the Java Runtime Environment:
#
#  Internal Error (classFileParser.cpp:3375), pid=9447, tid=3064634256
#  Error: ShouldNotReachHere()
#
# JRE version: 6.0_24-b07
# Java VM: Java HotSpot(TM) Server VM (19.1-b02 mixed mode linux-x86 )
# If you would like to submit a bug report, please visit:
#   http://java.sun.com/webapps/bugreport/crash.jsp
#

---------------  T H R E A D  ---------------

Current thread (0x08b76c00):  JavaThread "Unknown thread" [_thread_in_vm, id=9452, stack(0xb6a59000,0xb6aaa000)]

Stack: [0xb6a59000,0xb6aaa000],  sp=0xb6aa87f0,  free space=317k
Native frames: (J=compiled Java code, j=interpreted, Vv=VM code, C=native code)
V  [libjvm.so+0x708370]
V  [libjvm.so+0x2e8b5f]
V  [libjvm.so+0x28167a]
V  [libjvm.so+0x287711]
V  [libjvm.so+0x699342]
V  [libjvm.so+0x6973de]
V  [libjvm.so+0x6961a6]
V  [libjvm.so+0x695e10]
V  [libjvm.so+0x69ac2a]
V  [libjvm.so+0x69acbc]
V  [libjvm.so+0x69ad80]
V  [libjvm.so+0x69ab69]
V  [libjvm.so+0x6e0aba]
V  [libjvm.so+0x6e217f]
V  [libjvm.so+0x3a94f8]
V  [libjvm.so+0x6c9c8d]
V  [libjvm.so+0x4025f6]
C  [java+0x305c]
C  [java+0x1942]  JavaMain+0x72


---------------  P R O C E S S  ---------------

Java Threads: ( => current thread )

Other Threads:

=>0x08b76c00 (exited) JavaThread "Unknown thread" [_thread_in_vm, id=9452, stack(0xb6a59000,0xb6aaa000)]

VM state:not at safepoint (not fully initialized)

VM Mutex/Monitor currently owned by a thread: None

Dynamic libraries:
08048000-08052000 r-xp 00000000 08:05 9442075    /opt/sun-jdk/jre/bin/java
08052000-08053000 rwxp 00009000 08:05 9442075    /opt/sun-jdk/jre/bin/java
08b71000-08bd6000 rwxp 00000000 00:00 0          [heap]
7fef0000-7ff55000 r-xs 004cb000 08:05 9962130    /home/ahmetcan/İndirilenler/android-sdk-linux_x86/platforms/android-8/android.jar
7ff55000-7ff56000 ---p 00000000 00:00 0 
7ff56000-7ffd6000 rwxp 00000000 00:00 0 
7ffd6000-7ffd7000 ---p 00000000 00:00 0 
7ffd7000-8005f000 rwxp 00000000 00:00 0 
8005f000-80077000 rwxp 00000000 00:00 0 
80077000-80087000 rwxp 00000000 00:00 0 
80087000-80174000 rwxp 00000000 00:00 0 
80174000-8017c000 rwxp 00000000 00:00 0 
8017c000-80194000 rwxp 00000000 00:00 0 
80194000-801a4000 rwxp 00000000 00:00 0 
801a4000-80290000 rwxp 00000000 00:00 0 
80290000-80299000 rwxp 00000000 00:00 0 
80299000-8030f000 rwxp 00000000 00:00 0 
8030f000-81310000 rwxp 00000000 00:00 0 
81310000-84310000 rwxp 00000000 00:00 0 
84310000-862a0000 rwxp 00000000 00:00 0 
862a0000-a3c70000 rwxp 00000000 00:00 0 
a3c70000-a4c30000 rwxp 00000000 00:00 0 
a4c30000-b3910000 rwxp 00000000 00:00 0 
b3919000-b3922000 rwxp 00000000 00:00 0 
b3922000-b39d9000 rwxp 00000000 00:00 0 
b39d9000-b3c19000 rwxp 00000000 00:00 0 
b3c19000-b69d9000 rwxp 00000000 00:00 0 
b69d9000-b69e3000 r-xp 00000000 08:05 1576646    /lib/libnss_files-2.9.so
b69e3000-b69e4000 r-xp 00009000 08:05 1576646    /lib/libnss_files-2.9.so
b69e4000-b69e5000 rwxp 0000a000 08:05 1576646    /lib/libnss_files-2.9.so
b69e5000-b69ee000 r-xp 00000000 08:05 1576647    /lib/libnss_nis-2.9.so
b69ee000-b69ef000 r-xp 00008000 08:05 1576647    /lib/libnss_nis-2.9.so
b69ef000-b69f0000 rwxp 00009000 08:05 1576647    /lib/libnss_nis-2.9.so
b69f0000-b69f7000 r-xp 00000000 08:05 1576644    /lib/libnss_compat-2.9.so
b69f7000-b69f8000 r-xp 00006000 08:05 1576644    /lib/libnss_compat-2.9.so
b69f8000-b69f9000 rwxp 00007000 08:05 1576644    /lib/libnss_compat-2.9.so
b6a0b000-b6a1a000 r-xp 00000000 08:05 9442091    /opt/sun-jdk/jre/lib/i386/libzip.so
b6a1a000-b6a1c000 rwxp 0000e000 08:05 9442091    /opt/sun-jdk/jre/lib/i386/libzip.so
b6a1c000-b6a24000 rwxs 00000000 08:05 6948146    /tmp/hsperfdata_ahmetcan/9447
b6a24000-b6a2a000 r-xp 00000000 08:05 9440896    /opt/sun-jdk/jre/lib/i386/native_threads/libhpi.so
b6a2a000-b6a2b000 rwxp 00006000 08:05 9440896    /opt/sun-jdk/jre/lib/i386/native_threads/libhpi.so
b6a2b000-b6a4e000 r-xp 00000000 08:05 9442085    /opt/sun-jdk/jre/lib/i386/libjava.so
b6a4e000-b6a50000 rwxp 00023000 08:05 9442085    /opt/sun-jdk/jre/lib/i386/libjava.so
b6a50000-b6a57000 r-xp 00000000 08:05 1576650    /lib/librt-2.9.so
b6a57000-b6a58000 r-xp 00006000 08:05 1576650    /lib/librt-2.9.so
b6a58000-b6a59000 rwxp 00007000 08:05 1576650    /lib/librt-2.9.so
b6a59000-b6a5c000 ---p 00000000 00:00 0 
b6a5c000-b6aaa000 rwxp 00000000 00:00 0 
b6aaa000-b6acf000 r-xp 00000000 08:05 1576642    /lib/libm-2.9.so
b6acf000-b6ad0000 r-xp 00024000 08:05 1576642    /lib/libm-2.9.so
b6ad0000-b6ad1000 rwxp 00025000 08:05 1576642    /lib/libm-2.9.so
b6ad1000-b725e000 r-xp 00000000 08:05 9442093    /opt/sun-jdk/jre/lib/i386/server/libjvm.so
b725e000-b72b1000 rwxp 0078d000 08:05 9442093    /opt/sun-jdk/jre/lib/i386/server/libjvm.so
b72b1000-b76d0000 rwxp 00000000 00:00 0 
b76d0000-b7830000 r-xp 00000000 08:05 1576639    /lib/libc-2.9.so
b7830000-b7832000 r-xp 0015f000 08:05 1576639    /lib/libc-2.9.so
b7832000-b7833000 rwxp 00161000 08:05 1576639    /lib/libc-2.9.so
b7833000-b7836000 rwxp 00000000 00:00 0 
b7836000-b7838000 r-xp 00000000 08:05 1576641    /lib/libdl-2.9.so
b7838000-b7839000 r-xp 00001000 08:05 1576641    /lib/libdl-2.9.so
b7839000-b783a000 rwxp 00002000 08:05 1576641    /lib/libdl-2.9.so
b783a000-b783b000 rwxp 00000000 00:00 0 
b783b000-b7842000 r-xp 00000000 08:05 9440851    /opt/sun-jdk/jre/lib/i386/jli/libjli.so
b7842000-b7844000 rwxp 00006000 08:05 9440851    /opt/sun-jdk/jre/lib/i386/jli/libjli.so
b7844000-b7859000 r-xp 00000000 08:05 1576648    /lib/libpthread-2.9.so
b7859000-b785a000 r-xp 00014000 08:05 1576648    /lib/libpthread-2.9.so
b785a000-b785b000 rwxp 00015000 08:05 1576648    /lib/libpthread-2.9.so
b785b000-b785d000 rwxp 00000000 00:00 0 
b7861000-b7862000 rwxp 00000000 00:00 0 
b7862000-b7863000 r-xp 00000000 00:00 0 
b7863000-b7878000 r-xp 00000000 08:05 1576643    /lib/libnsl-2.9.so
b7878000-b7879000 r-xp 00014000 08:05 1576643    /lib/libnsl-2.9.so
b7879000-b787a000 rwxp 00015000 08:05 1576643    /lib/libnsl-2.9.so
b787a000-b787c000 rwxp 00000000 00:00 0 
b787c000-b7887000 r-xp 00000000 08:05 9442090    /opt/sun-jdk/jre/lib/i386/libverify.so
b7887000-b7888000 rwxp 0000b000 08:05 9442090    /opt/sun-jdk/jre/lib/i386/libverify.so
b7888000-b7889000 rwxp 00000000 00:00 0 
b7889000-b78a8000 r-xp 00000000 08:05 1576622    /lib/ld-2.9.so
b78a8000-b78a9000 r-xp 0001e000 08:05 1576622    /lib/ld-2.9.so
b78a9000-b78aa000 rwxp 0001f000 08:05 1576622    /lib/ld-2.9.so
bfc8b000-bfca0000 rwxp 00000000 00:00 0          [stack]
ffffe000-fffff000 r-xp 00000000 00:00 0          [vdso]

VM Arguments:
jvm_args: -Dfile.encoding=UTF-8 -Xbootclasspath:/home/ahmetcan/İndirilenler/android-sdk-linux_x86/platforms/android-8/android.jar 
java_command: com.example.evci.KayitOl
Launcher Type: SUN_STANDARD

Environment Variables:
JAVA_HOME=/opt/sun-jre
PATH=/usr/qt/4/bin:/usr/local/bin:/usr/local/sbin:/usr/bin:/usr/sbin:/bin:/sbin:/opt/bin:/opt/sun-jre/bin:/usr/kde/4/bin
LD_LIBRARY_PATH=/opt/sun-jdk/jre/lib/i386/server:/opt/sun-jdk/jre/lib/i386:/opt/sun-jdk/jre/../lib/i386:/opt/sun-jdk/jre/lib/i386/client:/opt/sun-jdk/jre/lib/i386:
SHELL=/bin/bash
DISPLAY=:0.0

Signal Handlers:
SIGSEGV: [libjvm.so+0x708f80], sa_mask[0]=0x7ffbfeff, sa_flags=0x10000004
SIGBUS: [libjvm.so+0x708f80], sa_mask[0]=0x7ffbfeff, sa_flags=0x10000004
SIGFPE: [libjvm.so+0x5c4100], sa_mask[0]=0x7ffbfeff, sa_flags=0x10000004
SIGPIPE: [libjvm.so+0x5c4100], sa_mask[0]=0x7ffbfeff, sa_flags=0x10000004
SIGXFSZ: [libjvm.so+0x5c4100], sa_mask[0]=0x7ffbfeff, sa_flags=0x10000004
SIGILL: [libjvm.so+0x5c4100], sa_mask[0]=0x7ffbfeff, sa_flags=0x10000004
SIGUSR1: SIG_DFL, sa_mask[0]=0x00000000, sa_flags=0x00000000
SIGUSR2: [libjvm.so+0x5c70e0], sa_mask[0]=0x00000004, sa_flags=0x10000004
SIGHUP: SIG_DFL, sa_mask[0]=0x00000000, sa_flags=0x00000000
SIGINT: SIG_DFL, sa_mask[0]=0x00000000, sa_flags=0x00000000
SIGTERM: SIG_DFL, sa_mask[0]=0x00000000, sa_flags=0x00000000
SIGQUIT: SIG_DFL, sa_mask[0]=0x00000000, sa_flags=0x00000000


---------------  S Y S T E M  ---------------

OS:Linux
uname:Linux 2.6.31.14-132 #1 SMP Thu Dec 16 15:55:32 EET 2010 i686
libc:glibc 2.9 NPTL 2.9 
rlimit: STACK 8192k, CORE 0k, NPROC 24155, NOFILE 1024, AS infinity
load average:0.38 0.34 0.33

/proc/meminfo:
MemTotal:        3097532 kB
MemFree:         1232328 kB
Buffers:           88100 kB
Cached:           703832 kB
SwapCached:            0 kB
Active:          1213856 kB
Inactive:         553156 kB
Active(anon):     978052 kB
Inactive(anon):       40 kB
Active(file):     235804 kB
Inactive(file):   553116 kB
Unevictable:           0 kB
Mlocked:               0 kB
HighTotal:       2240008 kB
HighFree:         542252 kB
LowTotal:         857524 kB
LowFree:          690076 kB
SwapTotal:        307192 kB
SwapFree:         307192 kB
Dirty:               420 kB
Writeback:             0 kB
AnonPages:        975128 kB
Mapped:           152296 kB
Slab:              58960 kB
SReclaimable:      44196 kB
SUnreclaim:        14764 kB
PageTables:         5568 kB
NFS_Unstable:          0 kB
Bounce:                0 kB
WritebackTmp:          0 kB
CommitLimit:     1855956 kB
Committed_AS:    2218064 kB
VmallocTotal:     122880 kB
VmallocUsed:       49312 kB
VmallocChunk:      44532 kB
HugePages_Total:       0
HugePages_Free:        0
HugePages_Rsvd:        0
HugePages_Surp:        0
Hugepagesize:       4096 kB
DirectMap4k:       40952 kB
DirectMap4M:      864256 kB


CPU:total 2 (2 cores per cpu, 1 threads per core) family 6 model 23 stepping 10, cmov, cx8, fxsr, mmx, sse, sse2, sse3, ssse3, sse4.1

Memory: 4k page, physical 3097532k(1232328k free), swap 307192k(307192k free)

vm_info: Java HotSpot(TM) Server VM (19.1-b02) for linux-x86 JRE (1.6.0_24-b07), built on Feb  2 2011 16:51:52 by "java_re" with gcc 3.2.1-7a (J2SE release)

time: Tue Mar 22 21:04:03 2011
elapsed time: 0 seconds

