#
# A fatal error has been detected by the Java Runtime Environment:
#
#  Internal Error (classFileParser.cpp:3375), pid=21195, tid=3062983568
#  Error: ShouldNotReachHere()
#
# JRE version: 6.0_24-b07
# Java VM: Java HotSpot(TM) Server VM (19.1-b02 mixed mode linux-x86 )
# If you would like to submit a bug report, please visit:
#   http://java.sun.com/webapps/bugreport/crash.jsp
#

---------------  T H R E A D  ---------------

Current thread (0x09e0bc00):  JavaThread "Unknown thread" [_thread_in_vm, id=21201, stack(0xb68c6000,0xb6917000)]

Stack: [0xb68c6000,0xb6917000],  sp=0xb69157f0,  free space=317k
Native frames: (J=compiled Java code, j=interpreted, Vv=VM code, C=native code)
V  [libjvm.so+0x708370]
V  [libjvm.so+0x2e8b5f]
V  [libjvm.so+0x28167a]
V  [libjvm.so+0x287711]
V  [libjvm.so+0x699342]
V  [libjvm.so+0x6973de]
V  [libjvm.so+0x6961a6]
V  [libjvm.so+0x695e10]
V  [libjvm.so+0x69ac2a]
V  [libjvm.so+0x69acbc]
V  [libjvm.so+0x69ad80]
V  [libjvm.so+0x69ab69]
V  [libjvm.so+0x6e0aba]
V  [libjvm.so+0x6e217f]
V  [libjvm.so+0x3a94f8]
V  [libjvm.so+0x6c9c8d]
V  [libjvm.so+0x4025f6]
C  [java+0x305c]
C  [java+0x1942]  JavaMain+0x72


---------------  P R O C E S S  ---------------

Java Threads: ( => current thread )

Other Threads:

=>0x09e0bc00 (exited) JavaThread "Unknown thread" [_thread_in_vm, id=21201, stack(0xb68c6000,0xb6917000)]

VM state:not at safepoint (not fully initialized)

VM Mutex/Monitor currently owned by a thread: None

Dynamic libraries:
08048000-08052000 r-xp 00000000 08:05 205532     /opt/sun-jdk/jre/bin/java
08052000-08053000 rwxp 00009000 08:05 205532     /opt/sun-jdk/jre/bin/java
09e06000-09e27000 rwxp 00000000 00:00 0          [heap]
7ff00000-7ff4c000 rwxp 00000000 00:00 0 
7ff4c000-80000000 ---p 00000000 00:00 0 
80067000-800c6000 r-xs 00492000 08:05 812617     /home/mehtap/ANDROİD/android-sdk-linux_x86/platforms/android-7/android.jar
800c6000-800c7000 ---p 00000000 00:00 0 
800c7000-80147000 rwxp 00000000 00:00 0 
80147000-80148000 ---p 00000000 00:00 0 
80148000-801c8000 rwxp 00000000 00:00 0 
801c8000-801c9000 ---p 00000000 00:00 0 
801c9000-80249000 rwxp 00000000 00:00 0 
80249000-8024a000 ---p 00000000 00:00 0 
8024a000-802d2000 rwxp 00000000 00:00 0 
802d2000-802ea000 rwxp 00000000 00:00 0 
802ea000-802fa000 rwxp 00000000 00:00 0 
802fa000-803e6000 rwxp 00000000 00:00 0 
803e6000-803ee000 rwxp 00000000 00:00 0 
803ee000-80406000 rwxp 00000000 00:00 0 
80406000-80416000 rwxp 00000000 00:00 0 
80416000-80501000 rwxp 00000000 00:00 0 
80501000-8050a000 rwxp 00000000 00:00 0 
8050a000-8057f000 rwxp 00000000 00:00 0 
8057f000-81580000 rwxp 00000000 00:00 0 
81580000-84580000 rwxp 00000000 00:00 0 
84580000-864f0000 rwxp 00000000 00:00 0 
864f0000-a3c30000 rwxp 00000000 00:00 0 
a3c30000-a4be0000 rwxp 00000000 00:00 0 
a4be0000-b3780000 rwxp 00000000 00:00 0 
b3785000-b378e000 rwxp 00000000 00:00 0 
b378e000-b3845000 rwxp 00000000 00:00 0 
b3845000-b3a85000 rwxp 00000000 00:00 0 
b3a85000-b6845000 rwxp 00000000 00:00 0 
b6845000-b684f000 r-xp 00000000 08:05 196325     /lib/libnss_files-2.9.so
b684f000-b6850000 r-xp 00009000 08:05 196325     /lib/libnss_files-2.9.so
b6850000-b6851000 rwxp 0000a000 08:05 196325     /lib/libnss_files-2.9.so
b6851000-b685a000 r-xp 00000000 08:05 196326     /lib/libnss_nis-2.9.so
b685a000-b685b000 r-xp 00008000 08:05 196326     /lib/libnss_nis-2.9.so
b685b000-b685c000 rwxp 00009000 08:05 196326     /lib/libnss_nis-2.9.so
b685c000-b6863000 r-xp 00000000 08:05 196323     /lib/libnss_compat-2.9.so
b6863000-b6864000 r-xp 00006000 08:05 196323     /lib/libnss_compat-2.9.so
b6864000-b6865000 rwxp 00007000 08:05 196323     /lib/libnss_compat-2.9.so
b6878000-b6887000 r-xp 00000000 08:05 216643     /opt/sun-jdk/jre/lib/i386/libzip.so
b6887000-b6889000 rwxp 0000e000 08:05 216643     /opt/sun-jdk/jre/lib/i386/libzip.so
b6889000-b6891000 rwxs 00000000 08:05 2492       /tmp/hsperfdata_mehtap/21195
b6891000-b6897000 r-xp 00000000 08:05 216670     /opt/sun-jdk/jre/lib/i386/native_threads/libhpi.so
b6897000-b6898000 rwxp 00006000 08:05 216670     /opt/sun-jdk/jre/lib/i386/native_threads/libhpi.so
b6898000-b68bb000 r-xp 00000000 08:05 216572     /opt/sun-jdk/jre/lib/i386/libjava.so
b68bb000-b68bd000 rwxp 00023000 08:05 216572     /opt/sun-jdk/jre/lib/i386/libjava.so
b68bd000-b68c4000 r-xp 00000000 08:05 196329     /lib/librt-2.9.so
b68c4000-b68c5000 r-xp 00006000 08:05 196329     /lib/librt-2.9.so
b68c5000-b68c6000 rwxp 00007000 08:05 196329     /lib/librt-2.9.so
b68c6000-b68c9000 ---p 00000000 00:00 0 
b68c9000-b6917000 rwxp 00000000 00:00 0 
b6917000-b693c000 r-xp 00000000 08:05 196321     /lib/libm-2.9.so
b693c000-b693d000 r-xp 00024000 08:05 196321     /lib/libm-2.9.so
b693d000-b693e000 rwxp 00025000 08:05 196321     /lib/libm-2.9.so
b693e000-b70cb000 r-xp 00000000 08:05 216647     /opt/sun-jdk/jre/lib/i386/server/libjvm.so
b70cb000-b711e000 rwxp 0078d000 08:05 216647     /opt/sun-jdk/jre/lib/i386/server/libjvm.so
b711e000-b753d000 rwxp 00000000 00:00 0 
b753d000-b769d000 r-xp 00000000 08:05 196318     /lib/libc-2.9.so
b769d000-b769f000 r-xp 0015f000 08:05 196318     /lib/libc-2.9.so
b769f000-b76a0000 rwxp 00161000 08:05 196318     /lib/libc-2.9.so
b76a0000-b76a3000 rwxp 00000000 00:00 0 
b76a3000-b76a5000 r-xp 00000000 08:05 196320     /lib/libdl-2.9.so
b76a5000-b76a6000 r-xp 00001000 08:05 196320     /lib/libdl-2.9.so
b76a6000-b76a7000 rwxp 00002000 08:05 196320     /lib/libdl-2.9.so
b76a7000-b76a8000 rwxp 00000000 00:00 0 
b76a8000-b76af000 r-xp 00000000 08:05 216614     /opt/sun-jdk/jre/lib/i386/jli/libjli.so
b76af000-b76b1000 rwxp 00006000 08:05 216614     /opt/sun-jdk/jre/lib/i386/jli/libjli.so
b76b1000-b76c6000 r-xp 00000000 08:05 196327     /lib/libpthread-2.9.so
b76c6000-b76c7000 r-xp 00014000 08:05 196327     /lib/libpthread-2.9.so
b76c7000-b76c8000 rwxp 00015000 08:05 196327     /lib/libpthread-2.9.so
b76c8000-b76ca000 rwxp 00000000 00:00 0 
b76cf000-b76d0000 rwxp 00000000 00:00 0 
b76d0000-b76d1000 r-xp 00000000 00:00 0 
b76d1000-b76e6000 r-xp 00000000 08:05 196322     /lib/libnsl-2.9.so
b76e6000-b76e7000 r-xp 00014000 08:05 196322     /lib/libnsl-2.9.so
b76e7000-b76e8000 rwxp 00015000 08:05 196322     /lib/libnsl-2.9.so
b76e8000-b76ea000 rwxp 00000000 00:00 0 
b76ea000-b76f5000 r-xp 00000000 08:05 216629     /opt/sun-jdk/jre/lib/i386/libverify.so
b76f5000-b76f6000 rwxp 0000b000 08:05 216629     /opt/sun-jdk/jre/lib/i386/libverify.so
b76f6000-b76f7000 rwxp 00000000 00:00 0 
b76f7000-b7716000 r-xp 00000000 08:05 158451     /lib/ld-2.9.so
b7716000-b7717000 r-xp 0001e000 08:05 158451     /lib/ld-2.9.so
b7717000-b7718000 rwxp 0001f000 08:05 158451     /lib/ld-2.9.so
bfda6000-bfdbb000 rwxp 00000000 00:00 0          [stack]
ffffe000-fffff000 r-xp 00000000 00:00 0          [vdso]

VM Arguments:
jvm_args: -Dfile.encoding=UTF-8 -Xbootclasspath:/home/mehtap/ANDROİD/android-sdk-linux_x86/platforms/android-7/android.jar 
java_command: com.example.loadimage
Launcher Type: SUN_STANDARD

Environment Variables:
JAVA_HOME=/opt/sun-jdk
PATH=/usr/qt/4/bin:/usr/local/bin:/usr/local/sbin:/usr/bin:/usr/sbin:/bin:/sbin:/opt/bin:/opt/sun-jre/bin:/opt/sun-jdk/bin:/usr/kde/4/bin
LD_LIBRARY_PATH=/opt/sun-jdk/jre/lib/i386/server:/opt/sun-jdk/jre/lib/i386:/opt/sun-jdk/jre/../lib/i386:/opt/sun-jdk/jre/lib/i386/client:/opt/sun-jdk/jre/lib/i386:/usr/lib/xulrunner-1.9.2:/usr/lib/xulrunner-1.9.2
SHELL=/bin/bash
DISPLAY=:0

Signal Handlers:
SIGSEGV: [libjvm.so+0x708f80], sa_mask[0]=0x7ffbfeff, sa_flags=0x10000004
SIGBUS: [libjvm.so+0x708f80], sa_mask[0]=0x7ffbfeff, sa_flags=0x10000004
SIGFPE: [libjvm.so+0x5c4100], sa_mask[0]=0x7ffbfeff, sa_flags=0x10000004
SIGPIPE: [libjvm.so+0x5c4100], sa_mask[0]=0x7ffbfeff, sa_flags=0x10000004
SIGXFSZ: [libjvm.so+0x5c4100], sa_mask[0]=0x7ffbfeff, sa_flags=0x10000004
SIGILL: [libjvm.so+0x5c4100], sa_mask[0]=0x7ffbfeff, sa_flags=0x10000004
SIGUSR1: SIG_DFL, sa_mask[0]=0x00000000, sa_flags=0x00000000
SIGUSR2: [libjvm.so+0x5c70e0], sa_mask[0]=0x00000004, sa_flags=0x10000004
SIGHUP: SIG_DFL, sa_mask[0]=0x00000000, sa_flags=0x00000000
SIGINT: SIG_DFL, sa_mask[0]=0x00000000, sa_flags=0x00000000
SIGTERM: SIG_DFL, sa_mask[0]=0x00000000, sa_flags=0x00000000
SIGQUIT: SIG_DFL, sa_mask[0]=0x00000000, sa_flags=0x00000000


---------------  S Y S T E M  ---------------

OS:Linux
uname:Linux 2.6.31.14-132 #1 SMP Thu Dec 16 15:55:32 EET 2010 i686
libc:glibc 2.9 NPTL 2.9 
rlimit: STACK 8192k, CORE 0k, NPROC 24080, NOFILE 1024, AS infinity
load average:0.12 0.17 0.20

/proc/meminfo:
MemTotal:        3087864 kB
MemFree:         1754732 kB
Buffers:           58896 kB
Cached:           650492 kB
SwapCached:            0 kB
Active:           877040 kB
Inactive:         378736 kB
Active(anon):     552872 kB
Inactive(anon):       36 kB
Active(file):     324168 kB
Inactive(file):   378700 kB
Unevictable:           0 kB
Mlocked:               0 kB
HighTotal:       2230536 kB
HighFree:        1014692 kB
LowTotal:         857328 kB
LowFree:          740040 kB
SwapTotal:        307192 kB
SwapFree:         307192 kB
Dirty:               148 kB
Writeback:             0 kB
AnonPages:        546604 kB
Mapped:           133296 kB
Slab:              43012 kB
SReclaimable:      25840 kB
SUnreclaim:        17172 kB
PageTables:         5072 kB
NFS_Unstable:          0 kB
Bounce:                0 kB
WritebackTmp:          0 kB
CommitLimit:     1851124 kB
Committed_AS:    1631224 kB
VmallocTotal:     122880 kB
VmallocUsed:       49396 kB
VmallocChunk:      37364 kB
HugePages_Total:       0
HugePages_Free:        0
HugePages_Rsvd:        0
HugePages_Surp:        0
Hugepagesize:       4096 kB
DirectMap4k:       36856 kB
DirectMap4M:      868352 kB


CPU:total 4 (2 cores per cpu, 2 threads per core) family 6 model 37 stepping 2, cmov, cx8, fxsr, mmx, sse, sse2, sse3, ssse3, sse4.1, sse4.2, popcnt, ht

Memory: 4k page, physical 3087864k(1754732k free), swap 307192k(307192k free)

vm_info: Java HotSpot(TM) Server VM (19.1-b02) for linux-x86 JRE (1.6.0_24-b07), built on Feb  2 2011 16:51:52 by "java_re" with gcc 3.2.1-7a (J2SE release)

time: Fri Apr 15 14:35:57 2011
elapsed time: 0 seconds

