#
# A fatal error has been detected by the Java Runtime Environment:
#
#  Internal Error (classFileParser.cpp:3375), pid=18865, tid=3064183696
#  Error: ShouldNotReachHere()
#
# JRE version: 6.0_24-b07
# Java VM: Java HotSpot(TM) Server VM (19.1-b02 mixed mode linux-x86 )
# If you would like to submit a bug report, please visit:
#   http://java.sun.com/webapps/bugreport/crash.jsp
#

---------------  T H R E A D  ---------------

Current thread (0x08d1ec00):  JavaThread "Unknown thread" [_thread_in_vm, id=18870, stack(0xb69eb000,0xb6a3c000)]

Stack: [0xb69eb000,0xb6a3c000],  sp=0xb6a3a7f0,  free space=317k
Native frames: (J=compiled Java code, j=interpreted, Vv=VM code, C=native code)
V  [libjvm.so+0x708370]
V  [libjvm.so+0x2e8b5f]
V  [libjvm.so+0x28167a]
V  [libjvm.so+0x287711]
V  [libjvm.so+0x699342]
V  [libjvm.so+0x6973de]
V  [libjvm.so+0x6961a6]
V  [libjvm.so+0x695e10]
V  [libjvm.so+0x69ac2a]
V  [libjvm.so+0x69acbc]
V  [libjvm.so+0x69ad80]
V  [libjvm.so+0x69ab69]
V  [libjvm.so+0x6e0aba]
V  [libjvm.so+0x6e217f]
V  [libjvm.so+0x3a94f8]
V  [libjvm.so+0x6c9c8d]
V  [libjvm.so+0x4025f6]
C  [java+0x305c]
C  [java+0x1942]  JavaMain+0x72


---------------  P R O C E S S  ---------------

Java Threads: ( => current thread )

Other Threads:

=>0x08d1ec00 (exited) JavaThread "Unknown thread" [_thread_in_vm, id=18870, stack(0xb69eb000,0xb6a3c000)]

VM state:not at safepoint (not fully initialized)

VM Mutex/Monitor currently owned by a thread: None

Dynamic libraries:
08048000-08052000 r-xp 00000000 08:05 205532     /opt/sun-jdk/jre/bin/java
08052000-08053000 rwxp 00009000 08:05 205532     /opt/sun-jdk/jre/bin/java
08d19000-08d80000 rwxp 00000000 00:00 0          [heap]
80187000-801e6000 r-xs 00492000 08:05 812617     /home/mehtap/ANDROİD/android-sdk-linux_x86/platforms/android-7/android.jar
801e6000-801e7000 ---p 00000000 00:00 0 
801e7000-80267000 rwxp 00000000 00:00 0 
80267000-80268000 ---p 00000000 00:00 0 
80268000-802e8000 rwxp 00000000 00:00 0 
802e8000-802e9000 ---p 00000000 00:00 0 
802e9000-80369000 rwxp 00000000 00:00 0 
80369000-8036a000 ---p 00000000 00:00 0 
8036a000-803f2000 rwxp 00000000 00:00 0 
803f2000-8040a000 rwxp 00000000 00:00 0 
8040a000-8041a000 rwxp 00000000 00:00 0 
8041a000-80506000 rwxp 00000000 00:00 0 
80506000-8050e000 rwxp 00000000 00:00 0 
8050e000-80526000 rwxp 00000000 00:00 0 
80526000-80536000 rwxp 00000000 00:00 0 
80536000-80621000 rwxp 00000000 00:00 0 
80621000-8062a000 rwxp 00000000 00:00 0 
8062a000-8069f000 rwxp 00000000 00:00 0 
8069f000-816a0000 rwxp 00000000 00:00 0 
816a0000-846a0000 rwxp 00000000 00:00 0 
846a0000-86610000 rwxp 00000000 00:00 0 
86610000-a3d50000 rwxp 00000000 00:00 0 
a3d50000-a4d00000 rwxp 00000000 00:00 0 
a4d00000-b38a0000 rwxp 00000000 00:00 0 
b38aa000-b38b3000 rwxp 00000000 00:00 0 
b38b3000-b396a000 rwxp 00000000 00:00 0 
b396a000-b3baa000 rwxp 00000000 00:00 0 
b3baa000-b696a000 rwxp 00000000 00:00 0 
b696a000-b6974000 r-xp 00000000 08:05 196325     /lib/libnss_files-2.9.so
b6974000-b6975000 r-xp 00009000 08:05 196325     /lib/libnss_files-2.9.so
b6975000-b6976000 rwxp 0000a000 08:05 196325     /lib/libnss_files-2.9.so
b6976000-b697f000 r-xp 00000000 08:05 196326     /lib/libnss_nis-2.9.so
b697f000-b6980000 r-xp 00008000 08:05 196326     /lib/libnss_nis-2.9.so
b6980000-b6981000 rwxp 00009000 08:05 196326     /lib/libnss_nis-2.9.so
b6981000-b6988000 r-xp 00000000 08:05 196323     /lib/libnss_compat-2.9.so
b6988000-b6989000 r-xp 00006000 08:05 196323     /lib/libnss_compat-2.9.so
b6989000-b698a000 rwxp 00007000 08:05 196323     /lib/libnss_compat-2.9.so
b699d000-b69ac000 r-xp 00000000 08:05 216643     /opt/sun-jdk/jre/lib/i386/libzip.so
b69ac000-b69ae000 rwxp 0000e000 08:05 216643     /opt/sun-jdk/jre/lib/i386/libzip.so
b69ae000-b69b6000 rwxs 00000000 08:05 2492       /tmp/hsperfdata_mehtap/18865
b69b6000-b69bc000 r-xp 00000000 08:05 216670     /opt/sun-jdk/jre/lib/i386/native_threads/libhpi.so
b69bc000-b69bd000 rwxp 00006000 08:05 216670     /opt/sun-jdk/jre/lib/i386/native_threads/libhpi.so
b69bd000-b69e0000 r-xp 00000000 08:05 216572     /opt/sun-jdk/jre/lib/i386/libjava.so
b69e0000-b69e2000 rwxp 00023000 08:05 216572     /opt/sun-jdk/jre/lib/i386/libjava.so
b69e2000-b69e9000 r-xp 00000000 08:05 196329     /lib/librt-2.9.so
b69e9000-b69ea000 r-xp 00006000 08:05 196329     /lib/librt-2.9.so
b69ea000-b69eb000 rwxp 00007000 08:05 196329     /lib/librt-2.9.so
b69eb000-b69ee000 ---p 00000000 00:00 0 
b69ee000-b6a3c000 rwxp 00000000 00:00 0 
b6a3c000-b6a61000 r-xp 00000000 08:05 196321     /lib/libm-2.9.so
b6a61000-b6a62000 r-xp 00024000 08:05 196321     /lib/libm-2.9.so
b6a62000-b6a63000 rwxp 00025000 08:05 196321     /lib/libm-2.9.so
b6a63000-b71f0000 r-xp 00000000 08:05 216647     /opt/sun-jdk/jre/lib/i386/server/libjvm.so
b71f0000-b7243000 rwxp 0078d000 08:05 216647     /opt/sun-jdk/jre/lib/i386/server/libjvm.so
b7243000-b7662000 rwxp 00000000 00:00 0 
b7662000-b77c2000 r-xp 00000000 08:05 196318     /lib/libc-2.9.so
b77c2000-b77c4000 r-xp 0015f000 08:05 196318     /lib/libc-2.9.so
b77c4000-b77c5000 rwxp 00161000 08:05 196318     /lib/libc-2.9.so
b77c5000-b77c8000 rwxp 00000000 00:00 0 
b77c8000-b77ca000 r-xp 00000000 08:05 196320     /lib/libdl-2.9.so
b77ca000-b77cb000 r-xp 00001000 08:05 196320     /lib/libdl-2.9.so
b77cb000-b77cc000 rwxp 00002000 08:05 196320     /lib/libdl-2.9.so
b77cc000-b77cd000 rwxp 00000000 00:00 0 
b77cd000-b77d4000 r-xp 00000000 08:05 216614     /opt/sun-jdk/jre/lib/i386/jli/libjli.so
b77d4000-b77d6000 rwxp 00006000 08:05 216614     /opt/sun-jdk/jre/lib/i386/jli/libjli.so
b77d6000-b77eb000 r-xp 00000000 08:05 196327     /lib/libpthread-2.9.so
b77eb000-b77ec000 r-xp 00014000 08:05 196327     /lib/libpthread-2.9.so
b77ec000-b77ed000 rwxp 00015000 08:05 196327     /lib/libpthread-2.9.so
b77ed000-b77ef000 rwxp 00000000 00:00 0 
b77f4000-b77f5000 rwxp 00000000 00:00 0 
b77f5000-b77f6000 r-xp 00000000 00:00 0 
b77f6000-b780b000 r-xp 00000000 08:05 196322     /lib/libnsl-2.9.so
b780b000-b780c000 r-xp 00014000 08:05 196322     /lib/libnsl-2.9.so
b780c000-b780d000 rwxp 00015000 08:05 196322     /lib/libnsl-2.9.so
b780d000-b780f000 rwxp 00000000 00:00 0 
b780f000-b781a000 r-xp 00000000 08:05 216629     /opt/sun-jdk/jre/lib/i386/libverify.so
b781a000-b781b000 rwxp 0000b000 08:05 216629     /opt/sun-jdk/jre/lib/i386/libverify.so
b781b000-b781c000 rwxp 00000000 00:00 0 
b781c000-b783b000 r-xp 00000000 08:05 158451     /lib/ld-2.9.so
b783b000-b783c000 r-xp 0001e000 08:05 158451     /lib/ld-2.9.so
b783c000-b783d000 rwxp 0001f000 08:05 158451     /lib/ld-2.9.so
bf8b9000-bf8ce000 rwxp 00000000 00:00 0          [stack]
ffffe000-fffff000 r-xp 00000000 00:00 0          [vdso]

VM Arguments:
jvm_args: -Dfile.encoding=UTF-8 -Xbootclasspath:/home/mehtap/ANDROİD/android-sdk-linux_x86/platforms/android-7/android.jar 
java_command: Metadata.Metadata
Launcher Type: SUN_STANDARD

Environment Variables:
JAVA_HOME=/opt/sun-jdk
PATH=/usr/qt/4/bin:/usr/local/bin:/usr/local/sbin:/usr/bin:/usr/sbin:/bin:/sbin:/opt/bin:/opt/sun-jre/bin:/opt/sun-jdk/bin:/usr/kde/4/bin
LD_LIBRARY_PATH=/opt/sun-jdk/jre/lib/i386/server:/opt/sun-jdk/jre/lib/i386:/opt/sun-jdk/jre/../lib/i386:/opt/sun-jdk/jre/lib/i386/client:/opt/sun-jdk/jre/lib/i386:/usr/lib/xulrunner-1.9.2:/usr/lib/xulrunner-1.9.2
SHELL=/bin/bash
DISPLAY=:0

Signal Handlers:
SIGSEGV: [libjvm.so+0x708f80], sa_mask[0]=0x7ffbfeff, sa_flags=0x10000004
SIGBUS: [libjvm.so+0x708f80], sa_mask[0]=0x7ffbfeff, sa_flags=0x10000004
SIGFPE: [libjvm.so+0x5c4100], sa_mask[0]=0x7ffbfeff, sa_flags=0x10000004
SIGPIPE: [libjvm.so+0x5c4100], sa_mask[0]=0x7ffbfeff, sa_flags=0x10000004
SIGXFSZ: [libjvm.so+0x5c4100], sa_mask[0]=0x7ffbfeff, sa_flags=0x10000004
SIGILL: [libjvm.so+0x5c4100], sa_mask[0]=0x7ffbfeff, sa_flags=0x10000004
SIGUSR1: SIG_DFL, sa_mask[0]=0x00000000, sa_flags=0x00000000
SIGUSR2: [libjvm.so+0x5c70e0], sa_mask[0]=0x00000004, sa_flags=0x10000004
SIGHUP: SIG_DFL, sa_mask[0]=0x00000000, sa_flags=0x00000000
SIGINT: SIG_DFL, sa_mask[0]=0x00000000, sa_flags=0x00000000
SIGTERM: SIG_DFL, sa_mask[0]=0x00000000, sa_flags=0x00000000
SIGQUIT: SIG_DFL, sa_mask[0]=0x00000000, sa_flags=0x00000000


---------------  S Y S T E M  ---------------

OS:Linux
uname:Linux 2.6.31.14-132 #1 SMP Thu Dec 16 15:55:32 EET 2010 i686
libc:glibc 2.9 NPTL 2.9 
rlimit: STACK 8192k, CORE 0k, NPROC 24080, NOFILE 1024, AS infinity
load average:0.19 0.21 0.22

/proc/meminfo:
MemTotal:        3087864 kB
MemFree:         1758940 kB
Buffers:           58808 kB
Cached:           650464 kB
SwapCached:            0 kB
Active:           874212 kB
Inactive:         378724 kB
Active(anon):     550148 kB
Inactive(anon):       36 kB
Active(file):     324064 kB
Inactive(file):   378688 kB
Unevictable:           0 kB
Mlocked:               0 kB
HighTotal:       2230536 kB
HighFree:        1018536 kB
LowTotal:         857328 kB
LowFree:          740404 kB
SwapTotal:        307192 kB
SwapFree:         307192 kB
Dirty:               208 kB
Writeback:             0 kB
AnonPages:        543680 kB
Mapped:           133280 kB
Slab:              43016 kB
SReclaimable:      25840 kB
SUnreclaim:        17176 kB
PageTables:         4848 kB
NFS_Unstable:          0 kB
Bounce:                0 kB
WritebackTmp:          0 kB
CommitLimit:     1851124 kB
Committed_AS:    1557376 kB
VmallocTotal:     122880 kB
VmallocUsed:       49396 kB
VmallocChunk:      37364 kB
HugePages_Total:       0
HugePages_Free:        0
HugePages_Rsvd:        0
HugePages_Surp:        0
Hugepagesize:       4096 kB
DirectMap4k:       36856 kB
DirectMap4M:      868352 kB


CPU:total 4 (2 cores per cpu, 2 threads per core) family 6 model 37 stepping 2, cmov, cx8, fxsr, mmx, sse, sse2, sse3, ssse3, sse4.1, sse4.2, popcnt, ht

Memory: 4k page, physical 3087864k(1758940k free), swap 307192k(307192k free)

vm_info: Java HotSpot(TM) Server VM (19.1-b02) for linux-x86 JRE (1.6.0_24-b07), built on Feb  2 2011 16:51:52 by "java_re" with gcc 3.2.1-7a (J2SE release)

time: Fri Apr 15 14:34:26 2011
elapsed time: 0 seconds

